        -:    0:Source:./catch.hpp
        -:    0:Graph:prime-tests.gcno
        -:    0:Data:prime-tests.gcda
        -:    0:Runs:1
        -:    0:Programs:1
        -:    1:/*
        -:    2: *  Catch v2.13.0
        -:    3: *  Generated: 2020-07-12 20:07:49.015950
        -:    4: *  ----------------------------------------------------------
        -:    5: *  This file has been merged from multiple headers. Please don't edit it directly
        -:    6: *  Copyright (c) 2020 Two Blue Cubes Ltd. All rights reserved.
        -:    7: *
        -:    8: *  Distributed under the Boost Software License, Version 1.0. (See accompanying
        -:    9: *  file LICENSE_1_0.txt or copy at http://www.boost.org/LICENSE_1_0.txt)
        -:   10: */
        -:   11:#ifndef TWOBLUECUBES_SINGLE_INCLUDE_CATCH_HPP_INCLUDED
        -:   12:#define TWOBLUECUBES_SINGLE_INCLUDE_CATCH_HPP_INCLUDED
        -:   13:// start catch.hpp
        -:   14:
        -:   15:
        -:   16:#define CATCH_VERSION_MAJOR 2
        -:   17:#define CATCH_VERSION_MINOR 13
        -:   18:#define CATCH_VERSION_PATCH 0
        -:   19:
        -:   20:#ifdef __clang__
        -:   21:#    pragma clang system_header
        -:   22:#elif defined __GNUC__
        -:   23:#    pragma GCC system_header
        -:   24:#endif
        -:   25:
        -:   26:// start catch_suppress_warnings.h
        -:   27:
        -:   28:#ifdef __clang__
        -:   29:#   ifdef __ICC // icpc defines the __clang__ macro
        -:   30:#       pragma warning(push)
        -:   31:#       pragma warning(disable: 161 1682)
        -:   32:#   else // __ICC
        -:   33:#       pragma clang diagnostic push
        -:   34:#       pragma clang diagnostic ignored "-Wpadded"
        -:   35:#       pragma clang diagnostic ignored "-Wswitch-enum"
        -:   36:#       pragma clang diagnostic ignored "-Wcovered-switch-default"
        -:   37:#    endif
        -:   38:#elif defined __GNUC__
        -:   39:     // Because REQUIREs trigger GCC's -Wparentheses, and because still
        -:   40:     // supported version of g++ have only buggy support for _Pragmas,
        -:   41:     // Wparentheses have to be suppressed globally.
        -:   42:#    pragma GCC diagnostic ignored "-Wparentheses" // See #674 for details
        -:   43:
        -:   44:#    pragma GCC diagnostic push
        -:   45:#    pragma GCC diagnostic ignored "-Wunused-variable"
        -:   46:#    pragma GCC diagnostic ignored "-Wpadded"
        -:   47:#endif
        -:   48:// end catch_suppress_warnings.h
        -:   49:#if defined(CATCH_CONFIG_MAIN) || defined(CATCH_CONFIG_RUNNER)
        -:   50:#  define CATCH_IMPL
        -:   51:#  define CATCH_CONFIG_ALL_PARTS
        -:   52:#endif
        -:   53:
        -:   54:// In the impl file, we want to have access to all parts of the headers
        -:   55:// Can also be used to sanely support PCHs
        -:   56:#if defined(CATCH_CONFIG_ALL_PARTS)
        -:   57:#  define CATCH_CONFIG_EXTERNAL_INTERFACES
        -:   58:#  if defined(CATCH_CONFIG_DISABLE_MATCHERS)
        -:   59:#    undef CATCH_CONFIG_DISABLE_MATCHERS
        -:   60:#  endif
        -:   61:#  if !defined(CATCH_CONFIG_ENABLE_CHRONO_STRINGMAKER)
        -:   62:#    define CATCH_CONFIG_ENABLE_CHRONO_STRINGMAKER
        -:   63:#  endif
        -:   64:#endif
        -:   65:
        -:   66:#if !defined(CATCH_CONFIG_IMPL_ONLY)
        -:   67:// start catch_platform.h
        -:   68:
        -:   69:#ifdef __APPLE__
        -:   70:# include <TargetConditionals.h>
        -:   71:# if TARGET_OS_OSX == 1
        -:   72:#  define CATCH_PLATFORM_MAC
        -:   73:# elif TARGET_OS_IPHONE == 1
        -:   74:#  define CATCH_PLATFORM_IPHONE
        -:   75:# endif
        -:   76:
        -:   77:#elif defined(linux) || defined(__linux) || defined(__linux__)
        -:   78:#  define CATCH_PLATFORM_LINUX
        -:   79:
        -:   80:#elif defined(WIN32) || defined(__WIN32__) || defined(_WIN32) || defined(_MSC_VER) || defined(__MINGW32__)
        -:   81:#  define CATCH_PLATFORM_WINDOWS
        -:   82:#endif
        -:   83:
        -:   84:// end catch_platform.h
        -:   85:
        -:   86:#ifdef CATCH_IMPL
        -:   87:#  ifndef CLARA_CONFIG_MAIN
        -:   88:#    define CLARA_CONFIG_MAIN_NOT_DEFINED
        -:   89:#    define CLARA_CONFIG_MAIN
        -:   90:#  endif
        -:   91:#endif
        -:   92:
        -:   93:// start catch_user_interfaces.h
        -:   94:
        -:   95:namespace Catch {
        -:   96:    unsigned int rngSeed();
        -:   97:}
        -:   98:
        -:   99:// end catch_user_interfaces.h
        -:  100:// start catch_tag_alias_autoregistrar.h
        -:  101:
        -:  102:// start catch_common.h
        -:  103:
        -:  104:// start catch_compiler_capabilities.h
        -:  105:
        -:  106:// Detect a number of compiler features - by compiler
        -:  107:// The following features are defined:
        -:  108://
        -:  109:// CATCH_CONFIG_COUNTER : is the __COUNTER__ macro supported?
        -:  110:// CATCH_CONFIG_WINDOWS_SEH : is Windows SEH supported?
        -:  111:// CATCH_CONFIG_POSIX_SIGNALS : are POSIX signals supported?
        -:  112:// CATCH_CONFIG_DISABLE_EXCEPTIONS : Are exceptions enabled?
        -:  113:// ****************
        -:  114:// Note to maintainers: if new toggles are added please document them
        -:  115:// in configuration.md, too
        -:  116:// ****************
        -:  117:
        -:  118:// In general each macro has a _NO_<feature name> form
        -:  119:// (e.g. CATCH_CONFIG_NO_POSIX_SIGNALS) which disables the feature.
        -:  120:// Many features, at point of detection, define an _INTERNAL_ macro, so they
        -:  121:// can be combined, en-mass, with the _NO_ forms later.
        -:  122:
        -:  123:#ifdef __cplusplus
        -:  124:
        -:  125:#  if (__cplusplus >= 201402L) || (defined(_MSVC_LANG) && _MSVC_LANG >= 201402L)
        -:  126:#    define CATCH_CPP14_OR_GREATER
        -:  127:#  endif
        -:  128:
        -:  129:#  if (__cplusplus >= 201703L) || (defined(_MSVC_LANG) && _MSVC_LANG >= 201703L)
        -:  130:#    define CATCH_CPP17_OR_GREATER
        -:  131:#  endif
        -:  132:
        -:  133:#endif
        -:  134:
        -:  135:#if defined(__cpp_lib_uncaught_exceptions)
        -:  136:#  define CATCH_INTERNAL_CONFIG_CPP17_UNCAUGHT_EXCEPTIONS
        -:  137:#endif
        -:  138:
        -:  139:// We have to avoid both ICC and Clang, because they try to mask themselves
        -:  140:// as gcc, and we want only GCC in this block
        -:  141:#if defined(__GNUC__) && !defined(__clang__) && !defined(__ICC)
        -:  142:#    define CATCH_INTERNAL_START_WARNINGS_SUPPRESSION _Pragma( "GCC diagnostic push" )
        -:  143:#    define CATCH_INTERNAL_STOP_WARNINGS_SUPPRESSION  _Pragma( "GCC diagnostic pop" )
        -:  144:
        -:  145:#    define CATCH_INTERNAL_IGNORE_BUT_WARN(...) (void)__builtin_constant_p(__VA_ARGS__)
        -:  146:
        -:  147:#endif
        -:  148:
        -:  149:#if defined(__clang__)
        -:  150:
        -:  151:#    define CATCH_INTERNAL_START_WARNINGS_SUPPRESSION _Pragma( "clang diagnostic push" )
        -:  152:#    define CATCH_INTERNAL_STOP_WARNINGS_SUPPRESSION  _Pragma( "clang diagnostic pop" )
        -:  153:
        -:  154:// As of this writing, IBM XL's implementation of __builtin_constant_p has a bug
        -:  155:// which results in calls to destructors being emitted for each temporary,
        -:  156:// without a matching initialization. In practice, this can result in something
        -:  157:// like `std::string::~string` being called on an uninitialized value.
        -:  158://
        -:  159:// For example, this code will likely segfault under IBM XL:
        -:  160:// ```
        -:  161:// REQUIRE(std::string("12") + "34" == "1234")
        -:  162:// ```
        -:  163://
        -:  164:// Therefore, `CATCH_INTERNAL_IGNORE_BUT_WARN` is not implemented.
        -:  165:#  if !defined(__ibmxl__)
        -:  166:#    define CATCH_INTERNAL_IGNORE_BUT_WARN(...) (void)__builtin_constant_p(__VA_ARGS__) /* NOLINT(cppcoreguidelines-pro-type-vararg, hicpp-vararg) */
        -:  167:#  endif
        -:  168:
        -:  169:#    define CATCH_INTERNAL_SUPPRESS_GLOBALS_WARNINGS \
        -:  170:         _Pragma( "clang diagnostic ignored \"-Wexit-time-destructors\"" ) \
        -:  171:         _Pragma( "clang diagnostic ignored \"-Wglobal-constructors\"")
        -:  172:
        -:  173:#    define CATCH_INTERNAL_SUPPRESS_PARENTHESES_WARNINGS \
        -:  174:         _Pragma( "clang diagnostic ignored \"-Wparentheses\"" )
        -:  175:
        -:  176:#    define CATCH_INTERNAL_SUPPRESS_UNUSED_WARNINGS \
        -:  177:         _Pragma( "clang diagnostic ignored \"-Wunused-variable\"" )
        -:  178:
        -:  179:#    define CATCH_INTERNAL_SUPPRESS_ZERO_VARIADIC_WARNINGS \
        -:  180:         _Pragma( "clang diagnostic ignored \"-Wgnu-zero-variadic-macro-arguments\"" )
        -:  181:
        -:  182:#    define CATCH_INTERNAL_SUPPRESS_UNUSED_TEMPLATE_WARNINGS \
        -:  183:         _Pragma( "clang diagnostic ignored \"-Wunused-template\"" )
        -:  184:
        -:  185:#endif // __clang__
        -:  186:
        -:  187:////////////////////////////////////////////////////////////////////////////////
        -:  188:// Assume that non-Windows platforms support posix signals by default
        -:  189:#if !defined(CATCH_PLATFORM_WINDOWS)
        -:  190:    #define CATCH_INTERNAL_CONFIG_POSIX_SIGNALS
        -:  191:#endif
        -:  192:
        -:  193:////////////////////////////////////////////////////////////////////////////////
        -:  194:// We know some environments not to support full POSIX signals
        -:  195:#if defined(__CYGWIN__) || defined(__QNX__) || defined(__EMSCRIPTEN__) || defined(__DJGPP__)
        -:  196:    #define CATCH_INTERNAL_CONFIG_NO_POSIX_SIGNALS
        -:  197:#endif
        -:  198:
        -:  199:#ifdef __OS400__
        -:  200:#       define CATCH_INTERNAL_CONFIG_NO_POSIX_SIGNALS
        -:  201:#       define CATCH_CONFIG_COLOUR_NONE
        -:  202:#endif
        -:  203:
        -:  204:////////////////////////////////////////////////////////////////////////////////
        -:  205:// Android somehow still does not support std::to_string
        -:  206:#if defined(__ANDROID__)
        -:  207:#    define CATCH_INTERNAL_CONFIG_NO_CPP11_TO_STRING
        -:  208:#    define CATCH_INTERNAL_CONFIG_ANDROID_LOGWRITE
        -:  209:#endif
        -:  210:
        -:  211:////////////////////////////////////////////////////////////////////////////////
        -:  212:// Not all Windows environments support SEH properly
        -:  213:#if defined(__MINGW32__)
        -:  214:#    define CATCH_INTERNAL_CONFIG_NO_WINDOWS_SEH
        -:  215:#endif
        -:  216:
        -:  217:////////////////////////////////////////////////////////////////////////////////
        -:  218:// PS4
        -:  219:#if defined(__ORBIS__)
        -:  220:#    define CATCH_INTERNAL_CONFIG_NO_NEW_CAPTURE
        -:  221:#endif
        -:  222:
        -:  223:////////////////////////////////////////////////////////////////////////////////
        -:  224:// Cygwin
        -:  225:#ifdef __CYGWIN__
        -:  226:
        -:  227:// Required for some versions of Cygwin to declare gettimeofday
        -:  228:// see: http://stackoverflow.com/questions/36901803/gettimeofday-not-declared-in-this-scope-cygwin
        -:  229:#   define _BSD_SOURCE
        -:  230:// some versions of cygwin (most) do not support std::to_string. Use the libstd check.
        -:  231:// https://gcc.gnu.org/onlinedocs/gcc-4.8.2/libstdc++/api/a01053_source.html line 2812-2813
        -:  232:# if !((__cplusplus >= 201103L) && defined(_GLIBCXX_USE_C99) \
        -:  233:           && !defined(_GLIBCXX_HAVE_BROKEN_VSWPRINTF))
        -:  234:
        -:  235:#    define CATCH_INTERNAL_CONFIG_NO_CPP11_TO_STRING
        -:  236:
        -:  237:# endif
        -:  238:#endif // __CYGWIN__
        -:  239:
        -:  240:////////////////////////////////////////////////////////////////////////////////
        -:  241:// Visual C++
        -:  242:#if defined(_MSC_VER)
        -:  243:
        -:  244:#  define CATCH_INTERNAL_START_WARNINGS_SUPPRESSION __pragma( warning(push) )
        -:  245:#  define CATCH_INTERNAL_STOP_WARNINGS_SUPPRESSION  __pragma( warning(pop) )
        -:  246:
        -:  247:#  if _MSC_VER >= 1900 // Visual Studio 2015 or newer
        -:  248:#    define CATCH_INTERNAL_CONFIG_CPP17_UNCAUGHT_EXCEPTIONS
        -:  249:#  endif
        -:  250:
        -:  251:// Universal Windows platform does not support SEH
        -:  252:// Or console colours (or console at all...)
        -:  253:#  if defined(WINAPI_FAMILY) && (WINAPI_FAMILY == WINAPI_FAMILY_APP)
        -:  254:#    define CATCH_CONFIG_COLOUR_NONE
        -:  255:#  else
        -:  256:#    define CATCH_INTERNAL_CONFIG_WINDOWS_SEH
        -:  257:#  endif
        -:  258:
        -:  259:// MSVC traditional preprocessor needs some workaround for __VA_ARGS__
        -:  260:// _MSVC_TRADITIONAL == 0 means new conformant preprocessor
        -:  261:// _MSVC_TRADITIONAL == 1 means old traditional non-conformant preprocessor
        -:  262:#  if !defined(__clang__) // Handle Clang masquerading for msvc
        -:  263:#    if !defined(_MSVC_TRADITIONAL) || (defined(_MSVC_TRADITIONAL) && _MSVC_TRADITIONAL)
        -:  264:#      define CATCH_INTERNAL_CONFIG_TRADITIONAL_MSVC_PREPROCESSOR
        -:  265:#    endif // MSVC_TRADITIONAL
        -:  266:#  endif // __clang__
        -:  267:
        -:  268:#endif // _MSC_VER
        -:  269:
        -:  270:#if defined(_REENTRANT) || defined(_MSC_VER)
        -:  271:// Enable async processing, as -pthread is specified or no additional linking is required
        -:  272:# define CATCH_INTERNAL_CONFIG_USE_ASYNC
        -:  273:#endif // _MSC_VER
        -:  274:
        -:  275:////////////////////////////////////////////////////////////////////////////////
        -:  276:// Check if we are compiled with -fno-exceptions or equivalent
        -:  277:#if defined(__EXCEPTIONS) || defined(__cpp_exceptions) || defined(_CPPUNWIND)
        -:  278:#  define CATCH_INTERNAL_CONFIG_EXCEPTIONS_ENABLED
        -:  279:#endif
        -:  280:
        -:  281:////////////////////////////////////////////////////////////////////////////////
        -:  282:// DJGPP
        -:  283:#ifdef __DJGPP__
        -:  284:#  define CATCH_INTERNAL_CONFIG_NO_WCHAR
        -:  285:#endif // __DJGPP__
        -:  286:
        -:  287:////////////////////////////////////////////////////////////////////////////////
        -:  288:// Embarcadero C++Build
        -:  289:#if defined(__BORLANDC__)
        -:  290:    #define CATCH_INTERNAL_CONFIG_POLYFILL_ISNAN
        -:  291:#endif
        -:  292:
        -:  293:////////////////////////////////////////////////////////////////////////////////
        -:  294:
        -:  295:// Use of __COUNTER__ is suppressed during code analysis in
        -:  296:// CLion/AppCode 2017.2.x and former, because __COUNTER__ is not properly
        -:  297:// handled by it.
        -:  298:// Otherwise all supported compilers support COUNTER macro,
        -:  299:// but user still might want to turn it off
        -:  300:#if ( !defined(__JETBRAINS_IDE__) || __JETBRAINS_IDE__ >= 20170300L )
        -:  301:    #define CATCH_INTERNAL_CONFIG_COUNTER
        -:  302:#endif
        -:  303:
        -:  304:////////////////////////////////////////////////////////////////////////////////
        -:  305:
        -:  306:// RTX is a special version of Windows that is real time.
        -:  307:// This means that it is detected as Windows, but does not provide
        -:  308:// the same set of capabilities as real Windows does.
        -:  309:#if defined(UNDER_RTSS) || defined(RTX64_BUILD)
        -:  310:    #define CATCH_INTERNAL_CONFIG_NO_WINDOWS_SEH
        -:  311:    #define CATCH_INTERNAL_CONFIG_NO_ASYNC
        -:  312:    #define CATCH_CONFIG_COLOUR_NONE
        -:  313:#endif
        -:  314:
        -:  315:#if !defined(_GLIBCXX_USE_C99_MATH_TR1)
        -:  316:#define CATCH_INTERNAL_CONFIG_GLOBAL_NEXTAFTER
        -:  317:#endif
        -:  318:
        -:  319:// Various stdlib support checks that require __has_include
        -:  320:#if defined(__has_include)
        -:  321:  // Check if string_view is available and usable
        -:  322:  #if __has_include(<string_view>) && defined(CATCH_CPP17_OR_GREATER)
        -:  323:  #    define CATCH_INTERNAL_CONFIG_CPP17_STRING_VIEW
        -:  324:  #endif
        -:  325:
        -:  326:  // Check if optional is available and usable
        -:  327:  #  if __has_include(<optional>) && defined(CATCH_CPP17_OR_GREATER)
        -:  328:  #    define CATCH_INTERNAL_CONFIG_CPP17_OPTIONAL
        -:  329:  #  endif // __has_include(<optional>) && defined(CATCH_CPP17_OR_GREATER)
        -:  330:
        -:  331:  // Check if byte is available and usable
        -:  332:  #  if __has_include(<cstddef>) && defined(CATCH_CPP17_OR_GREATER)
        -:  333:  #    define CATCH_INTERNAL_CONFIG_CPP17_BYTE
        -:  334:  #  endif // __has_include(<cstddef>) && defined(CATCH_CPP17_OR_GREATER)
        -:  335:
        -:  336:  // Check if variant is available and usable
        -:  337:  #  if __has_include(<variant>) && defined(CATCH_CPP17_OR_GREATER)
        -:  338:  #    if defined(__clang__) && (__clang_major__ < 8)
        -:  339:         // work around clang bug with libstdc++ https://bugs.llvm.org/show_bug.cgi?id=31852
        -:  340:         // fix should be in clang 8, workaround in libstdc++ 8.2
        -:  341:  #      include <ciso646>
        -:  342:  #      if defined(__GLIBCXX__) && defined(_GLIBCXX_RELEASE) && (_GLIBCXX_RELEASE < 9)
        -:  343:  #        define CATCH_CONFIG_NO_CPP17_VARIANT
        -:  344:  #      else
        -:  345:  #        define CATCH_INTERNAL_CONFIG_CPP17_VARIANT
        -:  346:  #      endif // defined(__GLIBCXX__) && defined(_GLIBCXX_RELEASE) && (_GLIBCXX_RELEASE < 9)
        -:  347:  #    else
        -:  348:  #      define CATCH_INTERNAL_CONFIG_CPP17_VARIANT
        -:  349:  #    endif // defined(__clang__) && (__clang_major__ < 8)
        -:  350:  #  endif // __has_include(<variant>) && defined(CATCH_CPP17_OR_GREATER)
        -:  351:#endif // defined(__has_include)
        -:  352:
        -:  353:#if defined(CATCH_INTERNAL_CONFIG_COUNTER) && !defined(CATCH_CONFIG_NO_COUNTER) && !defined(CATCH_CONFIG_COUNTER)
        -:  354:#   define CATCH_CONFIG_COUNTER
        -:  355:#endif
        -:  356:#if defined(CATCH_INTERNAL_CONFIG_WINDOWS_SEH) && !defined(CATCH_CONFIG_NO_WINDOWS_SEH) && !defined(CATCH_CONFIG_WINDOWS_SEH) && !defined(CATCH_INTERNAL_CONFIG_NO_WINDOWS_SEH)
        -:  357:#   define CATCH_CONFIG_WINDOWS_SEH
        -:  358:#endif
        -:  359:// This is set by default, because we assume that unix compilers are posix-signal-compatible by default.
        -:  360:#if defined(CATCH_INTERNAL_CONFIG_POSIX_SIGNALS) && !defined(CATCH_INTERNAL_CONFIG_NO_POSIX_SIGNALS) && !defined(CATCH_CONFIG_NO_POSIX_SIGNALS) && !defined(CATCH_CONFIG_POSIX_SIGNALS)
        -:  361:#   define CATCH_CONFIG_POSIX_SIGNALS
        -:  362:#endif
        -:  363:// This is set by default, because we assume that compilers with no wchar_t support are just rare exceptions.
        -:  364:#if !defined(CATCH_INTERNAL_CONFIG_NO_WCHAR) && !defined(CATCH_CONFIG_NO_WCHAR) && !defined(CATCH_CONFIG_WCHAR)
        -:  365:#   define CATCH_CONFIG_WCHAR
        -:  366:#endif
        -:  367:
        -:  368:#if !defined(CATCH_INTERNAL_CONFIG_NO_CPP11_TO_STRING) && !defined(CATCH_CONFIG_NO_CPP11_TO_STRING) && !defined(CATCH_CONFIG_CPP11_TO_STRING)
        -:  369:#    define CATCH_CONFIG_CPP11_TO_STRING
        -:  370:#endif
        -:  371:
        -:  372:#if defined(CATCH_INTERNAL_CONFIG_CPP17_OPTIONAL) && !defined(CATCH_CONFIG_NO_CPP17_OPTIONAL) && !defined(CATCH_CONFIG_CPP17_OPTIONAL)
        -:  373:#  define CATCH_CONFIG_CPP17_OPTIONAL
        -:  374:#endif
        -:  375:
        -:  376:#if defined(CATCH_INTERNAL_CONFIG_CPP17_UNCAUGHT_EXCEPTIONS) && !defined(CATCH_CONFIG_NO_CPP17_UNCAUGHT_EXCEPTIONS) && !defined(CATCH_CONFIG_CPP17_UNCAUGHT_EXCEPTIONS)
        -:  377:#  define CATCH_CONFIG_CPP17_UNCAUGHT_EXCEPTIONS
        -:  378:#endif
        -:  379:
        -:  380:#if defined(CATCH_INTERNAL_CONFIG_CPP17_STRING_VIEW) && !defined(CATCH_CONFIG_NO_CPP17_STRING_VIEW) && !defined(CATCH_CONFIG_CPP17_STRING_VIEW)
        -:  381:#  define CATCH_CONFIG_CPP17_STRING_VIEW
        -:  382:#endif
        -:  383:
        -:  384:#if defined(CATCH_INTERNAL_CONFIG_CPP17_VARIANT) && !defined(CATCH_CONFIG_NO_CPP17_VARIANT) && !defined(CATCH_CONFIG_CPP17_VARIANT)
        -:  385:#  define CATCH_CONFIG_CPP17_VARIANT
        -:  386:#endif
        -:  387:
        -:  388:#if defined(CATCH_INTERNAL_CONFIG_CPP17_BYTE) && !defined(CATCH_CONFIG_NO_CPP17_BYTE) && !defined(CATCH_CONFIG_CPP17_BYTE)
        -:  389:#  define CATCH_CONFIG_CPP17_BYTE
        -:  390:#endif
        -:  391:
        -:  392:#if defined(CATCH_CONFIG_EXPERIMENTAL_REDIRECT)
        -:  393:#  define CATCH_INTERNAL_CONFIG_NEW_CAPTURE
        -:  394:#endif
        -:  395:
        -:  396:#if defined(CATCH_INTERNAL_CONFIG_NEW_CAPTURE) && !defined(CATCH_INTERNAL_CONFIG_NO_NEW_CAPTURE) && !defined(CATCH_CONFIG_NO_NEW_CAPTURE) && !defined(CATCH_CONFIG_NEW_CAPTURE)
        -:  397:#  define CATCH_CONFIG_NEW_CAPTURE
        -:  398:#endif
        -:  399:
        -:  400:#if !defined(CATCH_INTERNAL_CONFIG_EXCEPTIONS_ENABLED) && !defined(CATCH_CONFIG_DISABLE_EXCEPTIONS)
        -:  401:#  define CATCH_CONFIG_DISABLE_EXCEPTIONS
        -:  402:#endif
        -:  403:
        -:  404:#if defined(CATCH_INTERNAL_CONFIG_POLYFILL_ISNAN) && !defined(CATCH_CONFIG_NO_POLYFILL_ISNAN) && !defined(CATCH_CONFIG_POLYFILL_ISNAN)
        -:  405:#  define CATCH_CONFIG_POLYFILL_ISNAN
        -:  406:#endif
        -:  407:
        -:  408:#if defined(CATCH_INTERNAL_CONFIG_USE_ASYNC)  && !defined(CATCH_INTERNAL_CONFIG_NO_ASYNC) && !defined(CATCH_CONFIG_NO_USE_ASYNC) && !defined(CATCH_CONFIG_USE_ASYNC)
        -:  409:#  define CATCH_CONFIG_USE_ASYNC
        -:  410:#endif
        -:  411:
        -:  412:#if defined(CATCH_INTERNAL_CONFIG_ANDROID_LOGWRITE) && !defined(CATCH_CONFIG_NO_ANDROID_LOGWRITE) && !defined(CATCH_CONFIG_ANDROID_LOGWRITE)
        -:  413:#  define CATCH_CONFIG_ANDROID_LOGWRITE
        -:  414:#endif
        -:  415:
        -:  416:#if defined(CATCH_INTERNAL_CONFIG_GLOBAL_NEXTAFTER) && !defined(CATCH_CONFIG_NO_GLOBAL_NEXTAFTER) && !defined(CATCH_CONFIG_GLOBAL_NEXTAFTER)
        -:  417:#  define CATCH_CONFIG_GLOBAL_NEXTAFTER
        -:  418:#endif
        -:  419:
        -:  420:// Even if we do not think the compiler has that warning, we still have
        -:  421:// to provide a macro that can be used by the code.
        -:  422:#if !defined(CATCH_INTERNAL_START_WARNINGS_SUPPRESSION)
        -:  423:#   define CATCH_INTERNAL_START_WARNINGS_SUPPRESSION
        -:  424:#endif
        -:  425:#if !defined(CATCH_INTERNAL_STOP_WARNINGS_SUPPRESSION)
        -:  426:#   define CATCH_INTERNAL_STOP_WARNINGS_SUPPRESSION
        -:  427:#endif
        -:  428:#if !defined(CATCH_INTERNAL_SUPPRESS_PARENTHESES_WARNINGS)
        -:  429:#   define CATCH_INTERNAL_SUPPRESS_PARENTHESES_WARNINGS
        -:  430:#endif
        -:  431:#if !defined(CATCH_INTERNAL_SUPPRESS_GLOBALS_WARNINGS)
        -:  432:#   define CATCH_INTERNAL_SUPPRESS_GLOBALS_WARNINGS
        -:  433:#endif
        -:  434:#if !defined(CATCH_INTERNAL_SUPPRESS_UNUSED_WARNINGS)
        -:  435:#   define CATCH_INTERNAL_SUPPRESS_UNUSED_WARNINGS
        -:  436:#endif
        -:  437:#if !defined(CATCH_INTERNAL_SUPPRESS_ZERO_VARIADIC_WARNINGS)
        -:  438:#   define CATCH_INTERNAL_SUPPRESS_ZERO_VARIADIC_WARNINGS
        -:  439:#endif
        -:  440:
        -:  441:// The goal of this macro is to avoid evaluation of the arguments, but
        -:  442:// still have the compiler warn on problems inside...
        -:  443:#if !defined(CATCH_INTERNAL_IGNORE_BUT_WARN)
        -:  444:#   define CATCH_INTERNAL_IGNORE_BUT_WARN(...)
        -:  445:#endif
        -:  446:
        -:  447:#if defined(__APPLE__) && defined(__apple_build_version__) && (__clang_major__ < 10)
        -:  448:#   undef CATCH_INTERNAL_SUPPRESS_UNUSED_TEMPLATE_WARNINGS
        -:  449:#elif defined(__clang__) && (__clang_major__ < 5)
        -:  450:#   undef CATCH_INTERNAL_SUPPRESS_UNUSED_TEMPLATE_WARNINGS
        -:  451:#endif
        -:  452:
        -:  453:#if !defined(CATCH_INTERNAL_SUPPRESS_UNUSED_TEMPLATE_WARNINGS)
        -:  454:#   define CATCH_INTERNAL_SUPPRESS_UNUSED_TEMPLATE_WARNINGS
        -:  455:#endif
        -:  456:
        -:  457:#if defined(CATCH_CONFIG_DISABLE_EXCEPTIONS)
        -:  458:#define CATCH_TRY if ((true))
        -:  459:#define CATCH_CATCH_ALL if ((false))
        -:  460:#define CATCH_CATCH_ANON(type) if ((false))
        -:  461:#else
        -:  462:#define CATCH_TRY try
        -:  463:#define CATCH_CATCH_ALL catch (...)
        -:  464:#define CATCH_CATCH_ANON(type) catch (type)
        -:  465:#endif
        -:  466:
        -:  467:#if defined(CATCH_INTERNAL_CONFIG_TRADITIONAL_MSVC_PREPROCESSOR) && !defined(CATCH_CONFIG_NO_TRADITIONAL_MSVC_PREPROCESSOR) && !defined(CATCH_CONFIG_TRADITIONAL_MSVC_PREPROCESSOR)
        -:  468:#define CATCH_CONFIG_TRADITIONAL_MSVC_PREPROCESSOR
        -:  469:#endif
        -:  470:
        -:  471:// end catch_compiler_capabilities.h
        -:  472:#define INTERNAL_CATCH_UNIQUE_NAME_LINE2( name, line ) name##line
        -:  473:#define INTERNAL_CATCH_UNIQUE_NAME_LINE( name, line ) INTERNAL_CATCH_UNIQUE_NAME_LINE2( name, line )
        -:  474:#ifdef CATCH_CONFIG_COUNTER
        -:  475:#  define INTERNAL_CATCH_UNIQUE_NAME( name ) INTERNAL_CATCH_UNIQUE_NAME_LINE( name, __COUNTER__ )
        -:  476:#else
        -:  477:#  define INTERNAL_CATCH_UNIQUE_NAME( name ) INTERNAL_CATCH_UNIQUE_NAME_LINE( name, __LINE__ )
        -:  478:#endif
        -:  479:
        -:  480:#include <iosfwd>
        -:  481:#include <string>
        -:  482:#include <cstdint>
        -:  483:
        -:  484:// We need a dummy global operator<< so we can bring it into Catch namespace later
        -:  485:struct Catch_global_namespace_dummy {};
        -:  486:std::ostream& operator<<(std::ostream&, Catch_global_namespace_dummy);
        -:  487:
        -:  488:namespace Catch {
        -:  489:
        -:  490:    struct CaseSensitive { enum Choice {
        -:  491:        Yes,
        -:  492:        No
        -:  493:    }; };
        -:  494:
        -:  495:    class NonCopyable {
        -:  496:        NonCopyable( NonCopyable const& )              = delete;
        -:  497:        NonCopyable( NonCopyable && )                  = delete;
        -:  498:        NonCopyable& operator = ( NonCopyable const& ) = delete;
        -:  499:        NonCopyable& operator = ( NonCopyable && )     = delete;
        -:  500:
        -:  501:    protected:
        -:  502:        NonCopyable();
        -:  503:        virtual ~NonCopyable();
        -:  504:    };
        -:  505:
        -:  506:    struct SourceLineInfo {
        -:  507:
        -:  508:        SourceLineInfo() = delete;
       14:  509:        SourceLineInfo( char const* _file, std::size_t _line ) noexcept
        7:  510:        :   file( _file ),
        7:  511:            line( _line )
       14:  512:        {}
        -:  513:
        -:  514:        SourceLineInfo( SourceLineInfo const& other )            = default;
        -:  515:        SourceLineInfo& operator = ( SourceLineInfo const& )     = default;
        -:  516:        SourceLineInfo( SourceLineInfo&& )              noexcept = default;
        -:  517:        SourceLineInfo& operator = ( SourceLineInfo&& ) noexcept = default;
        -:  518:
        -:  519:        bool empty() const noexcept { return file[0] == '\0'; }
        -:  520:        bool operator == ( SourceLineInfo const& other ) const noexcept;
        -:  521:        bool operator < ( SourceLineInfo const& other ) const noexcept;
        -:  522:
        -:  523:        char const* file;
        -:  524:        std::size_t line;
        -:  525:    };
        -:  526:
        -:  527:    std::ostream& operator << ( std::ostream& os, SourceLineInfo const& info );
        -:  528:
        -:  529:    // Bring in operator<< from global namespace into Catch namespace
        -:  530:    // This is necessary because the overload of operator<< above makes
        -:  531:    // lookup stop at namespace Catch
        -:  532:    using ::operator<<;
        -:  533:
        -:  534:    // Use this in variadic streaming macros to allow
        -:  535:    //    >> +StreamEndStop
        -:  536:    // as well as
        -:  537:    //    >> stuff +StreamEndStop
        -:  538:    struct StreamEndStop {
        -:  539:        std::string operator+() const;
        -:  540:    };
        -:  541:    template<typename T>
        -:  542:    T const& operator + ( T const& value, StreamEndStop ) {
        -:  543:        return value;
        -:  544:    }
        -:  545:}
        -:  546:
        -:  547:#define CATCH_INTERNAL_LINEINFO \
        -:  548:    ::Catch::SourceLineInfo( __FILE__, static_cast<std::size_t>( __LINE__ ) )
        -:  549:
        -:  550:// end catch_common.h
        -:  551:namespace Catch {
        -:  552:
        -:  553:    struct RegistrarForTagAliases {
        -:  554:        RegistrarForTagAliases( char const* alias, char const* tag, SourceLineInfo const& lineInfo );
        -:  555:    };
        -:  556:
        -:  557:} // end namespace Catch
        -:  558:
        -:  559:#define CATCH_REGISTER_TAG_ALIAS( alias, spec ) \
        -:  560:    CATCH_INTERNAL_START_WARNINGS_SUPPRESSION \
        -:  561:    CATCH_INTERNAL_SUPPRESS_GLOBALS_WARNINGS \
        -:  562:    namespace{ Catch::RegistrarForTagAliases INTERNAL_CATCH_UNIQUE_NAME( AutoRegisterTagAlias )( alias, spec, CATCH_INTERNAL_LINEINFO ); } \
        -:  563:    CATCH_INTERNAL_STOP_WARNINGS_SUPPRESSION
        -:  564:
        -:  565:// end catch_tag_alias_autoregistrar.h
        -:  566:// start catch_test_registry.h
        -:  567:
        -:  568:// start catch_interfaces_testcase.h
        -:  569:
        -:  570:#include <vector>
        -:  571:
        -:  572:namespace Catch {
        -:  573:
        -:  574:    class TestSpec;
        -:  575:
        -:  576:    struct ITestInvoker {
        -:  577:        virtual void invoke () const = 0;
        -:  578:        virtual ~ITestInvoker();
        -:  579:    };
        -:  580:
        -:  581:    class TestCase;
        -:  582:    struct IConfig;
        -:  583:
        -:  584:    struct ITestCaseRegistry {
        -:  585:        virtual ~ITestCaseRegistry();
        -:  586:        virtual std::vector<TestCase> const& getAllTests() const = 0;
        -:  587:        virtual std::vector<TestCase> const& getAllTestsSorted( IConfig const& config ) const = 0;
        -:  588:    };
        -:  589:
        -:  590:    bool isThrowSafe( TestCase const& testCase, IConfig const& config );
        -:  591:    bool matchTest( TestCase const& testCase, TestSpec const& testSpec, IConfig const& config );
        -:  592:    std::vector<TestCase> filterTests( std::vector<TestCase> const& testCases, TestSpec const& testSpec, IConfig const& config );
        -:  593:    std::vector<TestCase> const& getAllTestCasesSorted( IConfig const& config );
        -:  594:
        -:  595:}
        -:  596:
        -:  597:// end catch_interfaces_testcase.h
        -:  598:// start catch_stringref.h
        -:  599:
        -:  600:#include <cstddef>
        -:  601:#include <string>
        -:  602:#include <iosfwd>
        -:  603:#include <cassert>
        -:  604:
        -:  605:namespace Catch {
        -:  606:
        -:  607:    /// A non-owning string class (similar to the forthcoming std::string_view)
        -:  608:    /// Note that, because a StringRef may be a substring of another string,
        -:  609:    /// it may not be null terminated.
        -:  610:    class StringRef {
        -:  611:    public:
        -:  612:        using size_type = std::size_t;
        -:  613:        using const_iterator = const char*;
        -:  614:
        -:  615:    private:
        -:  616:        static constexpr char const* const s_empty = "";
        -:  617:
        8:  618:        char const* m_start = s_empty;
        8:  619:        size_type m_size = 0;
        -:  620:
        -:  621:    public: // construction
       16:  622:        constexpr StringRef() noexcept = default;
        -:  623:
        -:  624:        StringRef( char const* rawChars ) noexcept;
        -:  625:
       28:  626:        constexpr StringRef( char const* rawChars, size_type size ) noexcept
       14:  627:        :   m_start( rawChars ),
       14:  628:            m_size( size )
       28:  629:        {}
        -:  630:
        -:  631:        StringRef( std::string const& stdString ) noexcept
        -:  632:        :   m_start( stdString.c_str() ),
        -:  633:            m_size( stdString.size() )
        -:  634:        {}
        -:  635:
        -:  636:        explicit operator std::string() const {
        -:  637:            return std::string(m_start, m_size);
        -:  638:        }
        -:  639:
        -:  640:    public: // operators
        -:  641:        auto operator == ( StringRef const& other ) const noexcept -> bool;
        -:  642:        auto operator != (StringRef const& other) const noexcept -> bool {
        -:  643:            return !(*this == other);
        -:  644:        }
        -:  645:
        -:  646:        auto operator[] ( size_type index ) const noexcept -> char {
        -:  647:            assert(index < m_size);
        -:  648:            return m_start[index];
        -:  649:        }
        -:  650:
        -:  651:    public: // named queries
        -:  652:        constexpr auto empty() const noexcept -> bool {
        -:  653:            return m_size == 0;
        -:  654:        }
        -:  655:        constexpr auto size() const noexcept -> size_type {
        -:  656:            return m_size;
        -:  657:        }
        -:  658:
        -:  659:        // Returns the current start pointer. If the StringRef is not
        -:  660:        // null-terminated, throws std::domain_exception
        -:  661:        auto c_str() const -> char const*;
        -:  662:
        -:  663:    public: // substrings and searches
        -:  664:        // Returns a substring of [start, start + length).
        -:  665:        // If start + length > size(), then the substring is [start, size()).
        -:  666:        // If start > size(), then the substring is empty.
        -:  667:        auto substr( size_type start, size_type length ) const noexcept -> StringRef;
        -:  668:
        -:  669:        // Returns the current start pointer. May not be null-terminated.
        -:  670:        auto data() const noexcept -> char const*;
        -:  671:
        -:  672:        constexpr auto isNullTerminated() const noexcept -> bool {
        -:  673:            return m_start[m_size] == '\0';
        -:  674:        }
        -:  675:
        -:  676:    public: // iterators
        -:  677:        constexpr const_iterator begin() const { return m_start; }
        -:  678:        constexpr const_iterator end() const { return m_start + m_size; }
        -:  679:    };
        -:  680:
        -:  681:    auto operator += ( std::string& lhs, StringRef const& sr ) -> std::string&;
        -:  682:    auto operator << ( std::ostream& os, StringRef const& sr ) -> std::ostream&;
        -:  683:
        -:  684:    constexpr auto operator "" _sr( char const* rawChars, std::size_t size ) noexcept -> StringRef {
        -:  685:        return StringRef( rawChars, size );
        -:  686:    }
        -:  687:} // namespace Catch
        -:  688:
        2:  689:constexpr auto operator "" _catch_sr( char const* rawChars, std::size_t size ) noexcept -> Catch::StringRef {
        2:  690:    return Catch::StringRef( rawChars, size );
        -:  691:}
        -:  692:
        -:  693:// end catch_stringref.h
        -:  694:// start catch_preprocessor.hpp
        -:  695:
        -:  696:
        -:  697:#define CATCH_RECURSION_LEVEL0(...) __VA_ARGS__
        -:  698:#define CATCH_RECURSION_LEVEL1(...) CATCH_RECURSION_LEVEL0(CATCH_RECURSION_LEVEL0(CATCH_RECURSION_LEVEL0(__VA_ARGS__)))
        -:  699:#define CATCH_RECURSION_LEVEL2(...) CATCH_RECURSION_LEVEL1(CATCH_RECURSION_LEVEL1(CATCH_RECURSION_LEVEL1(__VA_ARGS__)))
        -:  700:#define CATCH_RECURSION_LEVEL3(...) CATCH_RECURSION_LEVEL2(CATCH_RECURSION_LEVEL2(CATCH_RECURSION_LEVEL2(__VA_ARGS__)))
        -:  701:#define CATCH_RECURSION_LEVEL4(...) CATCH_RECURSION_LEVEL3(CATCH_RECURSION_LEVEL3(CATCH_RECURSION_LEVEL3(__VA_ARGS__)))
        -:  702:#define CATCH_RECURSION_LEVEL5(...) CATCH_RECURSION_LEVEL4(CATCH_RECURSION_LEVEL4(CATCH_RECURSION_LEVEL4(__VA_ARGS__)))
        -:  703:
        -:  704:#ifdef CATCH_CONFIG_TRADITIONAL_MSVC_PREPROCESSOR
        -:  705:#define INTERNAL_CATCH_EXPAND_VARGS(...) __VA_ARGS__
        -:  706:// MSVC needs more evaluations
        -:  707:#define CATCH_RECURSION_LEVEL6(...) CATCH_RECURSION_LEVEL5(CATCH_RECURSION_LEVEL5(CATCH_RECURSION_LEVEL5(__VA_ARGS__)))
        -:  708:#define CATCH_RECURSE(...)  CATCH_RECURSION_LEVEL6(CATCH_RECURSION_LEVEL6(__VA_ARGS__))
        -:  709:#else
        -:  710:#define CATCH_RECURSE(...)  CATCH_RECURSION_LEVEL5(__VA_ARGS__)
        -:  711:#endif
        -:  712:
        -:  713:#define CATCH_REC_END(...)
        -:  714:#define CATCH_REC_OUT
        -:  715:
        -:  716:#define CATCH_EMPTY()
        -:  717:#define CATCH_DEFER(id) id CATCH_EMPTY()
        -:  718:
        -:  719:#define CATCH_REC_GET_END2() 0, CATCH_REC_END
        -:  720:#define CATCH_REC_GET_END1(...) CATCH_REC_GET_END2
        -:  721:#define CATCH_REC_GET_END(...) CATCH_REC_GET_END1
        -:  722:#define CATCH_REC_NEXT0(test, next, ...) next CATCH_REC_OUT
        -:  723:#define CATCH_REC_NEXT1(test, next) CATCH_DEFER ( CATCH_REC_NEXT0 ) ( test, next, 0)
        -:  724:#define CATCH_REC_NEXT(test, next)  CATCH_REC_NEXT1(CATCH_REC_GET_END test, next)
        -:  725:
        -:  726:#define CATCH_REC_LIST0(f, x, peek, ...) , f(x) CATCH_DEFER ( CATCH_REC_NEXT(peek, CATCH_REC_LIST1) ) ( f, peek, __VA_ARGS__ )
        -:  727:#define CATCH_REC_LIST1(f, x, peek, ...) , f(x) CATCH_DEFER ( CATCH_REC_NEXT(peek, CATCH_REC_LIST0) ) ( f, peek, __VA_ARGS__ )
        -:  728:#define CATCH_REC_LIST2(f, x, peek, ...)   f(x) CATCH_DEFER ( CATCH_REC_NEXT(peek, CATCH_REC_LIST1) ) ( f, peek, __VA_ARGS__ )
        -:  729:
        -:  730:#define CATCH_REC_LIST0_UD(f, userdata, x, peek, ...) , f(userdata, x) CATCH_DEFER ( CATCH_REC_NEXT(peek, CATCH_REC_LIST1_UD) ) ( f, userdata, peek, __VA_ARGS__ )
        -:  731:#define CATCH_REC_LIST1_UD(f, userdata, x, peek, ...) , f(userdata, x) CATCH_DEFER ( CATCH_REC_NEXT(peek, CATCH_REC_LIST0_UD) ) ( f, userdata, peek, __VA_ARGS__ )
        -:  732:#define CATCH_REC_LIST2_UD(f, userdata, x, peek, ...)   f(userdata, x) CATCH_DEFER ( CATCH_REC_NEXT(peek, CATCH_REC_LIST1_UD) ) ( f, userdata, peek, __VA_ARGS__ )
        -:  733:
        -:  734:// Applies the function macro `f` to each of the remaining parameters, inserts commas between the results,
        -:  735:// and passes userdata as the first parameter to each invocation,
        -:  736:// e.g. CATCH_REC_LIST_UD(f, x, a, b, c) evaluates to f(x, a), f(x, b), f(x, c)
        -:  737:#define CATCH_REC_LIST_UD(f, userdata, ...) CATCH_RECURSE(CATCH_REC_LIST2_UD(f, userdata, __VA_ARGS__, ()()(), ()()(), ()()(), 0))
        -:  738:
        -:  739:#define CATCH_REC_LIST(f, ...) CATCH_RECURSE(CATCH_REC_LIST2(f, __VA_ARGS__, ()()(), ()()(), ()()(), 0))
        -:  740:
        -:  741:#define INTERNAL_CATCH_EXPAND1(param) INTERNAL_CATCH_EXPAND2(param)
        -:  742:#define INTERNAL_CATCH_EXPAND2(...) INTERNAL_CATCH_NO## __VA_ARGS__
        -:  743:#define INTERNAL_CATCH_DEF(...) INTERNAL_CATCH_DEF __VA_ARGS__
        -:  744:#define INTERNAL_CATCH_NOINTERNAL_CATCH_DEF
        -:  745:#define INTERNAL_CATCH_STRINGIZE(...) INTERNAL_CATCH_STRINGIZE2(__VA_ARGS__)
        -:  746:#ifndef CATCH_CONFIG_TRADITIONAL_MSVC_PREPROCESSOR
        -:  747:#define INTERNAL_CATCH_STRINGIZE2(...) #__VA_ARGS__
        -:  748:#define INTERNAL_CATCH_STRINGIZE_WITHOUT_PARENS(param) INTERNAL_CATCH_STRINGIZE(INTERNAL_CATCH_REMOVE_PARENS(param))
        -:  749:#else
        -:  750:// MSVC is adding extra space and needs another indirection to expand INTERNAL_CATCH_NOINTERNAL_CATCH_DEF
        -:  751:#define INTERNAL_CATCH_STRINGIZE2(...) INTERNAL_CATCH_STRINGIZE3(__VA_ARGS__)
        -:  752:#define INTERNAL_CATCH_STRINGIZE3(...) #__VA_ARGS__
        -:  753:#define INTERNAL_CATCH_STRINGIZE_WITHOUT_PARENS(param) (INTERNAL_CATCH_STRINGIZE(INTERNAL_CATCH_REMOVE_PARENS(param)) + 1)
        -:  754:#endif
        -:  755:
        -:  756:#define INTERNAL_CATCH_MAKE_NAMESPACE2(...) ns_##__VA_ARGS__
        -:  757:#define INTERNAL_CATCH_MAKE_NAMESPACE(name) INTERNAL_CATCH_MAKE_NAMESPACE2(name)
        -:  758:
        -:  759:#define INTERNAL_CATCH_REMOVE_PARENS(...) INTERNAL_CATCH_EXPAND1(INTERNAL_CATCH_DEF __VA_ARGS__)
        -:  760:
        -:  761:#ifndef CATCH_CONFIG_TRADITIONAL_MSVC_PREPROCESSOR
        -:  762:#define INTERNAL_CATCH_MAKE_TYPE_LIST2(...) decltype(get_wrapper<INTERNAL_CATCH_REMOVE_PARENS_GEN(__VA_ARGS__)>())
        -:  763:#define INTERNAL_CATCH_MAKE_TYPE_LIST(...) INTERNAL_CATCH_MAKE_TYPE_LIST2(INTERNAL_CATCH_REMOVE_PARENS(__VA_ARGS__))
        -:  764:#else
        -:  765:#define INTERNAL_CATCH_MAKE_TYPE_LIST2(...) INTERNAL_CATCH_EXPAND_VARGS(decltype(get_wrapper<INTERNAL_CATCH_REMOVE_PARENS_GEN(__VA_ARGS__)>()))
        -:  766:#define INTERNAL_CATCH_MAKE_TYPE_LIST(...) INTERNAL_CATCH_EXPAND_VARGS(INTERNAL_CATCH_MAKE_TYPE_LIST2(INTERNAL_CATCH_REMOVE_PARENS(__VA_ARGS__)))
        -:  767:#endif
        -:  768:
        -:  769:#define INTERNAL_CATCH_MAKE_TYPE_LISTS_FROM_TYPES(...)\
        -:  770:    CATCH_REC_LIST(INTERNAL_CATCH_MAKE_TYPE_LIST,__VA_ARGS__)
        -:  771:
        -:  772:#define INTERNAL_CATCH_REMOVE_PARENS_1_ARG(_0) INTERNAL_CATCH_REMOVE_PARENS(_0)
        -:  773:#define INTERNAL_CATCH_REMOVE_PARENS_2_ARG(_0, _1) INTERNAL_CATCH_REMOVE_PARENS(_0), INTERNAL_CATCH_REMOVE_PARENS_1_ARG(_1)
        -:  774:#define INTERNAL_CATCH_REMOVE_PARENS_3_ARG(_0, _1, _2) INTERNAL_CATCH_REMOVE_PARENS(_0), INTERNAL_CATCH_REMOVE_PARENS_2_ARG(_1, _2)
        -:  775:#define INTERNAL_CATCH_REMOVE_PARENS_4_ARG(_0, _1, _2, _3) INTERNAL_CATCH_REMOVE_PARENS(_0), INTERNAL_CATCH_REMOVE_PARENS_3_ARG(_1, _2, _3)
        -:  776:#define INTERNAL_CATCH_REMOVE_PARENS_5_ARG(_0, _1, _2, _3, _4) INTERNAL_CATCH_REMOVE_PARENS(_0), INTERNAL_CATCH_REMOVE_PARENS_4_ARG(_1, _2, _3, _4)
        -:  777:#define INTERNAL_CATCH_REMOVE_PARENS_6_ARG(_0, _1, _2, _3, _4, _5) INTERNAL_CATCH_REMOVE_PARENS(_0), INTERNAL_CATCH_REMOVE_PARENS_5_ARG(_1, _2, _3, _4, _5)
        -:  778:#define INTERNAL_CATCH_REMOVE_PARENS_7_ARG(_0, _1, _2, _3, _4, _5, _6) INTERNAL_CATCH_REMOVE_PARENS(_0), INTERNAL_CATCH_REMOVE_PARENS_6_ARG(_1, _2, _3, _4, _5, _6)
        -:  779:#define INTERNAL_CATCH_REMOVE_PARENS_8_ARG(_0, _1, _2, _3, _4, _5, _6, _7) INTERNAL_CATCH_REMOVE_PARENS(_0), INTERNAL_CATCH_REMOVE_PARENS_7_ARG(_1, _2, _3, _4, _5, _6, _7)
        -:  780:#define INTERNAL_CATCH_REMOVE_PARENS_9_ARG(_0, _1, _2, _3, _4, _5, _6, _7, _8) INTERNAL_CATCH_REMOVE_PARENS(_0), INTERNAL_CATCH_REMOVE_PARENS_8_ARG(_1, _2, _3, _4, _5, _6, _7, _8)
        -:  781:#define INTERNAL_CATCH_REMOVE_PARENS_10_ARG(_0, _1, _2, _3, _4, _5, _6, _7, _8, _9) INTERNAL_CATCH_REMOVE_PARENS(_0), INTERNAL_CATCH_REMOVE_PARENS_9_ARG(_1, _2, _3, _4, _5, _6, _7, _8, _9)
        -:  782:#define INTERNAL_CATCH_REMOVE_PARENS_11_ARG(_0, _1, _2, _3, _4, _5, _6, _7, _8, _9, _10) INTERNAL_CATCH_REMOVE_PARENS(_0), INTERNAL_CATCH_REMOVE_PARENS_10_ARG(_1, _2, _3, _4, _5, _6, _7, _8, _9, _10)
        -:  783:
        -:  784:#define INTERNAL_CATCH_VA_NARGS_IMPL(_0, _1, _2, _3, _4, _5, _6, _7, _8, _9, _10, N, ...) N
        -:  785:
        -:  786:#define INTERNAL_CATCH_TYPE_GEN\
        -:  787:    template<typename...> struct TypeList {};\
        -:  788:    template<typename...Ts>\
        -:  789:    constexpr auto get_wrapper() noexcept -> TypeList<Ts...> { return {}; }\
        -:  790:    template<template<typename...> class...> struct TemplateTypeList{};\
        -:  791:    template<template<typename...> class...Cs>\
        -:  792:    constexpr auto get_wrapper() noexcept -> TemplateTypeList<Cs...> { return {}; }\
        -:  793:    template<typename...>\
        -:  794:    struct append;\
        -:  795:    template<typename...>\
        -:  796:    struct rewrap;\
        -:  797:    template<template<typename...> class, typename...>\
        -:  798:    struct create;\
        -:  799:    template<template<typename...> class, typename>\
        -:  800:    struct convert;\
        -:  801:    \
        -:  802:    template<typename T> \
        -:  803:    struct append<T> { using type = T; };\
        -:  804:    template< template<typename...> class L1, typename...E1, template<typename...> class L2, typename...E2, typename...Rest>\
        -:  805:    struct append<L1<E1...>, L2<E2...>, Rest...> { using type = typename append<L1<E1...,E2...>, Rest...>::type; };\
        -:  806:    template< template<typename...> class L1, typename...E1, typename...Rest>\
        -:  807:    struct append<L1<E1...>, TypeList<mpl_::na>, Rest...> { using type = L1<E1...>; };\
        -:  808:    \
        -:  809:    template< template<typename...> class Container, template<typename...> class List, typename...elems>\
        -:  810:    struct rewrap<TemplateTypeList<Container>, List<elems...>> { using type = TypeList<Container<elems...>>; };\
        -:  811:    template< template<typename...> class Container, template<typename...> class List, class...Elems, typename...Elements>\
        -:  812:    struct rewrap<TemplateTypeList<Container>, List<Elems...>, Elements...> { using type = typename append<TypeList<Container<Elems...>>, typename rewrap<TemplateTypeList<Container>, Elements...>::type>::type; };\
        -:  813:    \
        -:  814:    template<template <typename...> class Final, template< typename...> class...Containers, typename...Types>\
        -:  815:    struct create<Final, TemplateTypeList<Containers...>, TypeList<Types...>> { using type = typename append<Final<>, typename rewrap<TemplateTypeList<Containers>, Types...>::type...>::type; };\
        -:  816:    template<template <typename...> class Final, template <typename...> class List, typename...Ts>\
        -:  817:    struct convert<Final, List<Ts...>> { using type = typename append<Final<>,TypeList<Ts>...>::type; };
        -:  818:
        -:  819:#define INTERNAL_CATCH_NTTP_1(signature, ...)\
        -:  820:    template<INTERNAL_CATCH_REMOVE_PARENS(signature)> struct Nttp{};\
        -:  821:    template<INTERNAL_CATCH_REMOVE_PARENS(signature)>\
        -:  822:    constexpr auto get_wrapper() noexcept -> Nttp<__VA_ARGS__> { return {}; } \
        -:  823:    template<template<INTERNAL_CATCH_REMOVE_PARENS(signature)> class...> struct NttpTemplateTypeList{};\
        -:  824:    template<template<INTERNAL_CATCH_REMOVE_PARENS(signature)> class...Cs>\
        -:  825:    constexpr auto get_wrapper() noexcept -> NttpTemplateTypeList<Cs...> { return {}; } \
        -:  826:    \
        -:  827:    template< template<INTERNAL_CATCH_REMOVE_PARENS(signature)> class Container, template<INTERNAL_CATCH_REMOVE_PARENS(signature)> class List, INTERNAL_CATCH_REMOVE_PARENS(signature)>\
        -:  828:    struct rewrap<NttpTemplateTypeList<Container>, List<__VA_ARGS__>> { using type = TypeList<Container<__VA_ARGS__>>; };\
        -:  829:    template< template<INTERNAL_CATCH_REMOVE_PARENS(signature)> class Container, template<INTERNAL_CATCH_REMOVE_PARENS(signature)> class List, INTERNAL_CATCH_REMOVE_PARENS(signature), typename...Elements>\
        -:  830:    struct rewrap<NttpTemplateTypeList<Container>, List<__VA_ARGS__>, Elements...> { using type = typename append<TypeList<Container<__VA_ARGS__>>, typename rewrap<NttpTemplateTypeList<Container>, Elements...>::type>::type; };\
        -:  831:    template<template <typename...> class Final, template<INTERNAL_CATCH_REMOVE_PARENS(signature)> class...Containers, typename...Types>\
        -:  832:    struct create<Final, NttpTemplateTypeList<Containers...>, TypeList<Types...>> { using type = typename append<Final<>, typename rewrap<NttpTemplateTypeList<Containers>, Types...>::type...>::type; };
        -:  833:
        -:  834:#define INTERNAL_CATCH_DECLARE_SIG_TEST0(TestName)
        -:  835:#define INTERNAL_CATCH_DECLARE_SIG_TEST1(TestName, signature)\
        -:  836:    template<INTERNAL_CATCH_REMOVE_PARENS(signature)>\
        -:  837:    static void TestName()
        -:  838:#define INTERNAL_CATCH_DECLARE_SIG_TEST_X(TestName, signature, ...)\
        -:  839:    template<INTERNAL_CATCH_REMOVE_PARENS(signature)>\
        -:  840:    static void TestName()
        -:  841:
        -:  842:#define INTERNAL_CATCH_DEFINE_SIG_TEST0(TestName)
        -:  843:#define INTERNAL_CATCH_DEFINE_SIG_TEST1(TestName, signature)\
        -:  844:    template<INTERNAL_CATCH_REMOVE_PARENS(signature)>\
        -:  845:    static void TestName()
        -:  846:#define INTERNAL_CATCH_DEFINE_SIG_TEST_X(TestName, signature,...)\
        -:  847:    template<INTERNAL_CATCH_REMOVE_PARENS(signature)>\
        -:  848:    static void TestName()
        -:  849:
        -:  850:#define INTERNAL_CATCH_NTTP_REGISTER0(TestFunc, signature)\
        -:  851:    template<typename Type>\
        -:  852:    void reg_test(TypeList<Type>, Catch::NameAndTags nameAndTags)\
        -:  853:    {\
        -:  854:        Catch::AutoReg( Catch::makeTestInvoker(&TestFunc<Type>), CATCH_INTERNAL_LINEINFO, Catch::StringRef(), nameAndTags);\
        -:  855:    }
        -:  856:
        -:  857:#define INTERNAL_CATCH_NTTP_REGISTER(TestFunc, signature, ...)\
        -:  858:    template<INTERNAL_CATCH_REMOVE_PARENS(signature)>\
        -:  859:    void reg_test(Nttp<__VA_ARGS__>, Catch::NameAndTags nameAndTags)\
        -:  860:    {\
        -:  861:        Catch::AutoReg( Catch::makeTestInvoker(&TestFunc<__VA_ARGS__>), CATCH_INTERNAL_LINEINFO, Catch::StringRef(), nameAndTags);\
        -:  862:    }
        -:  863:
        -:  864:#define INTERNAL_CATCH_NTTP_REGISTER_METHOD0(TestName, signature, ...)\
        -:  865:    template<typename Type>\
        -:  866:    void reg_test(TypeList<Type>, Catch::StringRef className, Catch::NameAndTags nameAndTags)\
        -:  867:    {\
        -:  868:        Catch::AutoReg( Catch::makeTestInvoker(&TestName<Type>::test), CATCH_INTERNAL_LINEINFO, className, nameAndTags);\
        -:  869:    }
        -:  870:
        -:  871:#define INTERNAL_CATCH_NTTP_REGISTER_METHOD(TestName, signature, ...)\
        -:  872:    template<INTERNAL_CATCH_REMOVE_PARENS(signature)>\
        -:  873:    void reg_test(Nttp<__VA_ARGS__>, Catch::StringRef className, Catch::NameAndTags nameAndTags)\
        -:  874:    {\
        -:  875:        Catch::AutoReg( Catch::makeTestInvoker(&TestName<__VA_ARGS__>::test), CATCH_INTERNAL_LINEINFO, className, nameAndTags);\
        -:  876:    }
        -:  877:
        -:  878:#define INTERNAL_CATCH_DECLARE_SIG_TEST_METHOD0(TestName, ClassName)
        -:  879:#define INTERNAL_CATCH_DECLARE_SIG_TEST_METHOD1(TestName, ClassName, signature)\
        -:  880:    template<typename TestType> \
        -:  881:    struct TestName : INTERNAL_CATCH_REMOVE_PARENS(ClassName)<TestType> { \
        -:  882:        void test();\
        -:  883:    }
        -:  884:
        -:  885:#define INTERNAL_CATCH_DECLARE_SIG_TEST_METHOD_X(TestName, ClassName, signature, ...)\
        -:  886:    template<INTERNAL_CATCH_REMOVE_PARENS(signature)> \
        -:  887:    struct TestName : INTERNAL_CATCH_REMOVE_PARENS(ClassName)<__VA_ARGS__> { \
        -:  888:        void test();\
        -:  889:    }
        -:  890:
        -:  891:#define INTERNAL_CATCH_DEFINE_SIG_TEST_METHOD0(TestName)
        -:  892:#define INTERNAL_CATCH_DEFINE_SIG_TEST_METHOD1(TestName, signature)\
        -:  893:    template<typename TestType> \
        -:  894:    void INTERNAL_CATCH_MAKE_NAMESPACE(TestName)::TestName<TestType>::test()
        -:  895:#define INTERNAL_CATCH_DEFINE_SIG_TEST_METHOD_X(TestName, signature, ...)\
        -:  896:    template<INTERNAL_CATCH_REMOVE_PARENS(signature)> \
        -:  897:    void INTERNAL_CATCH_MAKE_NAMESPACE(TestName)::TestName<__VA_ARGS__>::test()
        -:  898:
        -:  899:#ifndef CATCH_CONFIG_TRADITIONAL_MSVC_PREPROCESSOR
        -:  900:#define INTERNAL_CATCH_NTTP_0
        -:  901:#define INTERNAL_CATCH_NTTP_GEN(...) INTERNAL_CATCH_VA_NARGS_IMPL(__VA_ARGS__, INTERNAL_CATCH_NTTP_1(__VA_ARGS__), INTERNAL_CATCH_NTTP_1(__VA_ARGS__), INTERNAL_CATCH_NTTP_1(__VA_ARGS__), INTERNAL_CATCH_NTTP_1(__VA_ARGS__), INTERNAL_CATCH_NTTP_1(__VA_ARGS__), INTERNAL_CATCH_NTTP_1( __VA_ARGS__), INTERNAL_CATCH_NTTP_1( __VA_ARGS__), INTERNAL_CATCH_NTTP_1( __VA_ARGS__), INTERNAL_CATCH_NTTP_1( __VA_ARGS__),INTERNAL_CATCH_NTTP_1( __VA_ARGS__), INTERNAL_CATCH_NTTP_0)
        -:  902:#define INTERNAL_CATCH_DEFINE_SIG_TEST_METHOD(TestName, ...) INTERNAL_CATCH_VA_NARGS_IMPL( "dummy", __VA_ARGS__, INTERNAL_CATCH_DEFINE_SIG_TEST_METHOD_X,INTERNAL_CATCH_DEFINE_SIG_TEST_METHOD_X, INTERNAL_CATCH_DEFINE_SIG_TEST_METHOD_X, INTERNAL_CATCH_DEFINE_SIG_TEST_METHOD_X, INTERNAL_CATCH_DEFINE_SIG_TEST_METHOD_X, INTERNAL_CATCH_DEFINE_SIG_TEST_METHOD_X, INTERNAL_CATCH_DEFINE_SIG_TEST_METHOD_X,INTERNAL_CATCH_DEFINE_SIG_TEST_METHOD_X,INTERNAL_CATCH_DEFINE_SIG_TEST_METHOD_X, INTERNAL_CATCH_DEFINE_SIG_TEST_METHOD1, INTERNAL_CATCH_DEFINE_SIG_TEST_METHOD0)(TestName, __VA_ARGS__)
        -:  903:#define INTERNAL_CATCH_DECLARE_SIG_TEST_METHOD(TestName, ClassName, ...) INTERNAL_CATCH_VA_NARGS_IMPL( "dummy", __VA_ARGS__, INTERNAL_CATCH_DECLARE_SIG_TEST_METHOD_X,INTERNAL_CATCH_DECLARE_SIG_TEST_METHOD_X, INTERNAL_CATCH_DECLARE_SIG_TEST_METHOD_X, INTERNAL_CATCH_DECLARE_SIG_TEST_METHOD_X, INTERNAL_CATCH_DECLARE_SIG_TEST_METHOD_X, INTERNAL_CATCH_DECLARE_SIG_TEST_METHOD_X, INTERNAL_CATCH_DECLARE_SIG_TEST_METHOD_X,INTERNAL_CATCH_DECLARE_SIG_TEST_METHOD_X,INTERNAL_CATCH_DECLARE_SIG_TEST_METHOD_X, INTERNAL_CATCH_DECLARE_SIG_TEST_METHOD1, INTERNAL_CATCH_DECLARE_SIG_TEST_METHOD0)(TestName, ClassName, __VA_ARGS__)
        -:  904:#define INTERNAL_CATCH_NTTP_REG_METHOD_GEN(TestName, ...) INTERNAL_CATCH_VA_NARGS_IMPL( "dummy", __VA_ARGS__, INTERNAL_CATCH_NTTP_REGISTER_METHOD, INTERNAL_CATCH_NTTP_REGISTER_METHOD, INTERNAL_CATCH_NTTP_REGISTER_METHOD, INTERNAL_CATCH_NTTP_REGISTER_METHOD, INTERNAL_CATCH_NTTP_REGISTER_METHOD, INTERNAL_CATCH_NTTP_REGISTER_METHOD, INTERNAL_CATCH_NTTP_REGISTER_METHOD, INTERNAL_CATCH_NTTP_REGISTER_METHOD, INTERNAL_CATCH_NTTP_REGISTER_METHOD, INTERNAL_CATCH_NTTP_REGISTER_METHOD0, INTERNAL_CATCH_NTTP_REGISTER_METHOD0)(TestName, __VA_ARGS__)
        -:  905:#define INTERNAL_CATCH_NTTP_REG_GEN(TestFunc, ...) INTERNAL_CATCH_VA_NARGS_IMPL( "dummy", __VA_ARGS__, INTERNAL_CATCH_NTTP_REGISTER, INTERNAL_CATCH_NTTP_REGISTER, INTERNAL_CATCH_NTTP_REGISTER, INTERNAL_CATCH_NTTP_REGISTER, INTERNAL_CATCH_NTTP_REGISTER, INTERNAL_CATCH_NTTP_REGISTER, INTERNAL_CATCH_NTTP_REGISTER, INTERNAL_CATCH_NTTP_REGISTER, INTERNAL_CATCH_NTTP_REGISTER, INTERNAL_CATCH_NTTP_REGISTER0, INTERNAL_CATCH_NTTP_REGISTER0)(TestFunc, __VA_ARGS__)
        -:  906:#define INTERNAL_CATCH_DEFINE_SIG_TEST(TestName, ...) INTERNAL_CATCH_VA_NARGS_IMPL( "dummy", __VA_ARGS__, INTERNAL_CATCH_DEFINE_SIG_TEST_X, INTERNAL_CATCH_DEFINE_SIG_TEST_X, INTERNAL_CATCH_DEFINE_SIG_TEST_X, INTERNAL_CATCH_DEFINE_SIG_TEST_X, INTERNAL_CATCH_DEFINE_SIG_TEST_X, INTERNAL_CATCH_DEFINE_SIG_TEST_X, INTERNAL_CATCH_DEFINE_SIG_TEST_X, INTERNAL_CATCH_DEFINE_SIG_TEST_X,INTERNAL_CATCH_DEFINE_SIG_TEST_X,INTERNAL_CATCH_DEFINE_SIG_TEST1, INTERNAL_CATCH_DEFINE_SIG_TEST0)(TestName, __VA_ARGS__)
        -:  907:#define INTERNAL_CATCH_DECLARE_SIG_TEST(TestName, ...) INTERNAL_CATCH_VA_NARGS_IMPL( "dummy", __VA_ARGS__, INTERNAL_CATCH_DECLARE_SIG_TEST_X,INTERNAL_CATCH_DECLARE_SIG_TEST_X, INTERNAL_CATCH_DECLARE_SIG_TEST_X, INTERNAL_CATCH_DECLARE_SIG_TEST_X, INTERNAL_CATCH_DECLARE_SIG_TEST_X, INTERNAL_CATCH_DECLARE_SIG_TEST_X, INTERNAL_CATCH_DEFINE_SIG_TEST_X,INTERNAL_CATCH_DECLARE_SIG_TEST_X,INTERNAL_CATCH_DECLARE_SIG_TEST_X, INTERNAL_CATCH_DECLARE_SIG_TEST1, INTERNAL_CATCH_DECLARE_SIG_TEST0)(TestName, __VA_ARGS__)
        -:  908:#define INTERNAL_CATCH_REMOVE_PARENS_GEN(...) INTERNAL_CATCH_VA_NARGS_IMPL(__VA_ARGS__, INTERNAL_CATCH_REMOVE_PARENS_11_ARG,INTERNAL_CATCH_REMOVE_PARENS_10_ARG,INTERNAL_CATCH_REMOVE_PARENS_9_ARG,INTERNAL_CATCH_REMOVE_PARENS_8_ARG,INTERNAL_CATCH_REMOVE_PARENS_7_ARG,INTERNAL_CATCH_REMOVE_PARENS_6_ARG,INTERNAL_CATCH_REMOVE_PARENS_5_ARG,INTERNAL_CATCH_REMOVE_PARENS_4_ARG,INTERNAL_CATCH_REMOVE_PARENS_3_ARG,INTERNAL_CATCH_REMOVE_PARENS_2_ARG,INTERNAL_CATCH_REMOVE_PARENS_1_ARG)(__VA_ARGS__)
        -:  909:#else
        -:  910:#define INTERNAL_CATCH_NTTP_0(signature)
        -:  911:#define INTERNAL_CATCH_NTTP_GEN(...) INTERNAL_CATCH_EXPAND_VARGS(INTERNAL_CATCH_VA_NARGS_IMPL(__VA_ARGS__, INTERNAL_CATCH_NTTP_1, INTERNAL_CATCH_NTTP_1, INTERNAL_CATCH_NTTP_1, INTERNAL_CATCH_NTTP_1, INTERNAL_CATCH_NTTP_1, INTERNAL_CATCH_NTTP_1, INTERNAL_CATCH_NTTP_1, INTERNAL_CATCH_NTTP_1, INTERNAL_CATCH_NTTP_1,INTERNAL_CATCH_NTTP_1, INTERNAL_CATCH_NTTP_0)( __VA_ARGS__))
        -:  912:#define INTERNAL_CATCH_DEFINE_SIG_TEST_METHOD(TestName, ...) INTERNAL_CATCH_EXPAND_VARGS(INTERNAL_CATCH_VA_NARGS_IMPL( "dummy", __VA_ARGS__, INTERNAL_CATCH_DEFINE_SIG_TEST_METHOD_X,INTERNAL_CATCH_DEFINE_SIG_TEST_METHOD_X, INTERNAL_CATCH_DEFINE_SIG_TEST_METHOD_X, INTERNAL_CATCH_DEFINE_SIG_TEST_METHOD_X, INTERNAL_CATCH_DEFINE_SIG_TEST_METHOD_X, INTERNAL_CATCH_DEFINE_SIG_TEST_METHOD_X, INTERNAL_CATCH_DEFINE_SIG_TEST_METHOD_X,INTERNAL_CATCH_DEFINE_SIG_TEST_METHOD_X,INTERNAL_CATCH_DEFINE_SIG_TEST_METHOD_X, INTERNAL_CATCH_DEFINE_SIG_TEST_METHOD1, INTERNAL_CATCH_DEFINE_SIG_TEST_METHOD0)(TestName, __VA_ARGS__))
        -:  913:#define INTERNAL_CATCH_DECLARE_SIG_TEST_METHOD(TestName, ClassName, ...) INTERNAL_CATCH_EXPAND_VARGS(INTERNAL_CATCH_VA_NARGS_IMPL( "dummy", __VA_ARGS__, INTERNAL_CATCH_DECLARE_SIG_TEST_METHOD_X,INTERNAL_CATCH_DECLARE_SIG_TEST_METHOD_X, INTERNAL_CATCH_DECLARE_SIG_TEST_METHOD_X, INTERNAL_CATCH_DECLARE_SIG_TEST_METHOD_X, INTERNAL_CATCH_DECLARE_SIG_TEST_METHOD_X, INTERNAL_CATCH_DECLARE_SIG_TEST_METHOD_X, INTERNAL_CATCH_DECLARE_SIG_TEST_METHOD_X,INTERNAL_CATCH_DECLARE_SIG_TEST_METHOD_X,INTERNAL_CATCH_DECLARE_SIG_TEST_METHOD_X, INTERNAL_CATCH_DECLARE_SIG_TEST_METHOD1, INTERNAL_CATCH_DECLARE_SIG_TEST_METHOD0)(TestName, ClassName, __VA_ARGS__))
        -:  914:#define INTERNAL_CATCH_NTTP_REG_METHOD_GEN(TestName, ...) INTERNAL_CATCH_EXPAND_VARGS(INTERNAL_CATCH_VA_NARGS_IMPL( "dummy", __VA_ARGS__, INTERNAL_CATCH_NTTP_REGISTER_METHOD, INTERNAL_CATCH_NTTP_REGISTER_METHOD, INTERNAL_CATCH_NTTP_REGISTER_METHOD, INTERNAL_CATCH_NTTP_REGISTER_METHOD, INTERNAL_CATCH_NTTP_REGISTER_METHOD, INTERNAL_CATCH_NTTP_REGISTER_METHOD, INTERNAL_CATCH_NTTP_REGISTER_METHOD, INTERNAL_CATCH_NTTP_REGISTER_METHOD, INTERNAL_CATCH_NTTP_REGISTER_METHOD, INTERNAL_CATCH_NTTP_REGISTER_METHOD0, INTERNAL_CATCH_NTTP_REGISTER_METHOD0)(TestName, __VA_ARGS__))
        -:  915:#define INTERNAL_CATCH_NTTP_REG_GEN(TestFunc, ...) INTERNAL_CATCH_EXPAND_VARGS(INTERNAL_CATCH_VA_NARGS_IMPL( "dummy", __VA_ARGS__, INTERNAL_CATCH_NTTP_REGISTER, INTERNAL_CATCH_NTTP_REGISTER, INTERNAL_CATCH_NTTP_REGISTER, INTERNAL_CATCH_NTTP_REGISTER, INTERNAL_CATCH_NTTP_REGISTER, INTERNAL_CATCH_NTTP_REGISTER, INTERNAL_CATCH_NTTP_REGISTER, INTERNAL_CATCH_NTTP_REGISTER, INTERNAL_CATCH_NTTP_REGISTER, INTERNAL_CATCH_NTTP_REGISTER0, INTERNAL_CATCH_NTTP_REGISTER0)(TestFunc, __VA_ARGS__))
        -:  916:#define INTERNAL_CATCH_DEFINE_SIG_TEST(TestName, ...) INTERNAL_CATCH_EXPAND_VARGS(INTERNAL_CATCH_VA_NARGS_IMPL( "dummy", __VA_ARGS__, INTERNAL_CATCH_DEFINE_SIG_TEST_X, INTERNAL_CATCH_DEFINE_SIG_TEST_X, INTERNAL_CATCH_DEFINE_SIG_TEST_X, INTERNAL_CATCH_DEFINE_SIG_TEST_X, INTERNAL_CATCH_DEFINE_SIG_TEST_X, INTERNAL_CATCH_DEFINE_SIG_TEST_X, INTERNAL_CATCH_DEFINE_SIG_TEST_X, INTERNAL_CATCH_DEFINE_SIG_TEST_X,INTERNAL_CATCH_DEFINE_SIG_TEST_X,INTERNAL_CATCH_DEFINE_SIG_TEST1, INTERNAL_CATCH_DEFINE_SIG_TEST0)(TestName, __VA_ARGS__))
        -:  917:#define INTERNAL_CATCH_DECLARE_SIG_TEST(TestName, ...) INTERNAL_CATCH_EXPAND_VARGS(INTERNAL_CATCH_VA_NARGS_IMPL( "dummy", __VA_ARGS__, INTERNAL_CATCH_DECLARE_SIG_TEST_X,INTERNAL_CATCH_DECLARE_SIG_TEST_X, INTERNAL_CATCH_DECLARE_SIG_TEST_X, INTERNAL_CATCH_DECLARE_SIG_TEST_X, INTERNAL_CATCH_DECLARE_SIG_TEST_X, INTERNAL_CATCH_DECLARE_SIG_TEST_X, INTERNAL_CATCH_DEFINE_SIG_TEST_X,INTERNAL_CATCH_DECLARE_SIG_TEST_X,INTERNAL_CATCH_DECLARE_SIG_TEST_X, INTERNAL_CATCH_DECLARE_SIG_TEST1, INTERNAL_CATCH_DECLARE_SIG_TEST0)(TestName, __VA_ARGS__))
        -:  918:#define INTERNAL_CATCH_REMOVE_PARENS_GEN(...) INTERNAL_CATCH_EXPAND_VARGS(INTERNAL_CATCH_VA_NARGS_IMPL(__VA_ARGS__, INTERNAL_CATCH_REMOVE_PARENS_11_ARG,INTERNAL_CATCH_REMOVE_PARENS_10_ARG,INTERNAL_CATCH_REMOVE_PARENS_9_ARG,INTERNAL_CATCH_REMOVE_PARENS_8_ARG,INTERNAL_CATCH_REMOVE_PARENS_7_ARG,INTERNAL_CATCH_REMOVE_PARENS_6_ARG,INTERNAL_CATCH_REMOVE_PARENS_5_ARG,INTERNAL_CATCH_REMOVE_PARENS_4_ARG,INTERNAL_CATCH_REMOVE_PARENS_3_ARG,INTERNAL_CATCH_REMOVE_PARENS_2_ARG,INTERNAL_CATCH_REMOVE_PARENS_1_ARG)(__VA_ARGS__))
        -:  919:#endif
        -:  920:
        -:  921:// end catch_preprocessor.hpp
        -:  922:// start catch_meta.hpp
        -:  923:
        -:  924:
        -:  925:#include <type_traits>
        -:  926:
        -:  927:namespace Catch {
        -:  928:    template<typename T>
        -:  929:    struct always_false : std::false_type {};
        -:  930:
        -:  931:    template <typename> struct true_given : std::true_type {};
        -:  932:    struct is_callable_tester {
        -:  933:        template <typename Fun, typename... Args>
        -:  934:        true_given<decltype(std::declval<Fun>()(std::declval<Args>()...))> static test(int);
        -:  935:        template <typename...>
        -:  936:        std::false_type static test(...);
        -:  937:    };
        -:  938:
        -:  939:    template <typename T>
        -:  940:    struct is_callable;
        -:  941:
        -:  942:    template <typename Fun, typename... Args>
        -:  943:    struct is_callable<Fun(Args...)> : decltype(is_callable_tester::test<Fun, Args...>(0)) {};
        -:  944:
        -:  945:#if defined(__cpp_lib_is_invocable) && __cpp_lib_is_invocable >= 201703
        -:  946:    // std::result_of is deprecated in C++17 and removed in C++20. Hence, it is
        -:  947:    // replaced with std::invoke_result here.
        -:  948:    template <typename Func, typename... U>
        -:  949:    using FunctionReturnType = std::remove_reference_t<std::remove_cv_t<std::invoke_result_t<Func, U...>>>;
        -:  950:#else
        -:  951:    // Keep ::type here because we still support C++11
        -:  952:    template <typename Func, typename... U>
        -:  953:    using FunctionReturnType = typename std::remove_reference<typename std::remove_cv<typename std::result_of<Func(U...)>::type>::type>::type;
        -:  954:#endif
        -:  955:
        -:  956:} // namespace Catch
        -:  957:
        -:  958:namespace mpl_{
        -:  959:    struct na;
        -:  960:}
        -:  961:
        -:  962:// end catch_meta.hpp
        -:  963:namespace Catch {
        -:  964:
        -:  965:template<typename C>
        -:  966:class TestInvokerAsMethod : public ITestInvoker {
        -:  967:    void (C::*m_testAsMethod)();
        -:  968:public:
        -:  969:    TestInvokerAsMethod( void (C::*testAsMethod)() ) noexcept : m_testAsMethod( testAsMethod ) {}
        -:  970:
        -:  971:    void invoke() const override {
        -:  972:        C obj;
        -:  973:        (obj.*m_testAsMethod)();
        -:  974:    }
        -:  975:};
        -:  976:
        -:  977:auto makeTestInvoker( void(*testAsFunction)() ) noexcept -> ITestInvoker*;
        -:  978:
        -:  979:template<typename C>
        -:  980:auto makeTestInvoker( void (C::*testAsMethod)() ) noexcept -> ITestInvoker* {
        -:  981:    return new(std::nothrow) TestInvokerAsMethod<C>( testAsMethod );
        -:  982:}
        -:  983:
        -:  984:struct NameAndTags {
        -:  985:    NameAndTags( StringRef const& name_ = StringRef(), StringRef const& tags_ = StringRef() ) noexcept;
        -:  986:    StringRef name;
        -:  987:    StringRef tags;
        -:  988:};
        -:  989:
        -:  990:struct AutoReg : NonCopyable {
        -:  991:    AutoReg( ITestInvoker* invoker, SourceLineInfo const& lineInfo, StringRef const& classOrMethod, NameAndTags const& nameAndTags ) noexcept;
        -:  992:    ~AutoReg();
        -:  993:};
        -:  994:
        -:  995:} // end namespace Catch
        -:  996:
        -:  997:#if defined(CATCH_CONFIG_DISABLE)
        -:  998:    #define INTERNAL_CATCH_TESTCASE_NO_REGISTRATION( TestName, ... ) \
        -:  999:        static void TestName()
        -: 1000:    #define INTERNAL_CATCH_TESTCASE_METHOD_NO_REGISTRATION( TestName, ClassName, ... ) \
        -: 1001:        namespace{                        \
        -: 1002:            struct TestName : INTERNAL_CATCH_REMOVE_PARENS(ClassName) { \
        -: 1003:                void test();              \
        -: 1004:            };                            \
        -: 1005:        }                                 \
        -: 1006:        void TestName::test()
        -: 1007:    #define INTERNAL_CATCH_TEMPLATE_TEST_CASE_NO_REGISTRATION_2( TestName, TestFunc, Name, Tags, Signature, ... )  \
        -: 1008:        INTERNAL_CATCH_DEFINE_SIG_TEST(TestFunc, INTERNAL_CATCH_REMOVE_PARENS(Signature))
        -: 1009:    #define INTERNAL_CATCH_TEMPLATE_TEST_CASE_METHOD_NO_REGISTRATION_2( TestNameClass, TestName, ClassName, Name, Tags, Signature, ... )    \
        -: 1010:        namespace{                                                                                  \
        -: 1011:            namespace INTERNAL_CATCH_MAKE_NAMESPACE(TestName) {                                      \
        -: 1012:            INTERNAL_CATCH_DECLARE_SIG_TEST_METHOD(TestName, ClassName, INTERNAL_CATCH_REMOVE_PARENS(Signature));\
        -: 1013:        }                                                                                           \
        -: 1014:        }                                                                                           \
        -: 1015:        INTERNAL_CATCH_DEFINE_SIG_TEST_METHOD(TestName, INTERNAL_CATCH_REMOVE_PARENS(Signature))
        -: 1016:
        -: 1017:    #ifndef CATCH_CONFIG_TRADITIONAL_MSVC_PREPROCESSOR
        -: 1018:        #define INTERNAL_CATCH_TEMPLATE_TEST_CASE_NO_REGISTRATION(Name, Tags, ...) \
        -: 1019:            INTERNAL_CATCH_TEMPLATE_TEST_CASE_NO_REGISTRATION_2( INTERNAL_CATCH_UNIQUE_NAME( ____C_A_T_C_H____T_E_M_P_L_A_T_E____T_E_S_T____ ), INTERNAL_CATCH_UNIQUE_NAME( ____C_A_T_C_H____T_E_M_P_L_A_T_E____T_E_S_T____F_U_N_C____ ), Name, Tags, typename TestType, __VA_ARGS__ )
        -: 1020:    #else
        -: 1021:        #define INTERNAL_CATCH_TEMPLATE_TEST_CASE_NO_REGISTRATION(Name, Tags, ...) \
        -: 1022:            INTERNAL_CATCH_EXPAND_VARGS( INTERNAL_CATCH_TEMPLATE_TEST_CASE_NO_REGISTRATION_2( INTERNAL_CATCH_UNIQUE_NAME( ____C_A_T_C_H____T_E_M_P_L_A_T_E____T_E_S_T____ ), INTERNAL_CATCH_UNIQUE_NAME( ____C_A_T_C_H____T_E_M_P_L_A_T_E____T_E_S_T____F_U_N_C____ ), Name, Tags, typename TestType, __VA_ARGS__ ) )
        -: 1023:    #endif
        -: 1024:
        -: 1025:    #ifndef CATCH_CONFIG_TRADITIONAL_MSVC_PREPROCESSOR
        -: 1026:        #define INTERNAL_CATCH_TEMPLATE_TEST_CASE_SIG_NO_REGISTRATION(Name, Tags, Signature, ...) \
        -: 1027:            INTERNAL_CATCH_TEMPLATE_TEST_CASE_NO_REGISTRATION_2( INTERNAL_CATCH_UNIQUE_NAME( ____C_A_T_C_H____T_E_M_P_L_A_T_E____T_E_S_T____ ), INTERNAL_CATCH_UNIQUE_NAME( ____C_A_T_C_H____T_E_M_P_L_A_T_E____T_E_S_T____F_U_N_C____ ), Name, Tags, Signature, __VA_ARGS__ )
        -: 1028:    #else
        -: 1029:        #define INTERNAL_CATCH_TEMPLATE_TEST_CASE_SIG_NO_REGISTRATION(Name, Tags, Signature, ...) \
        -: 1030:            INTERNAL_CATCH_EXPAND_VARGS( INTERNAL_CATCH_TEMPLATE_TEST_CASE_NO_REGISTRATION_2( INTERNAL_CATCH_UNIQUE_NAME( ____C_A_T_C_H____T_E_M_P_L_A_T_E____T_E_S_T____ ), INTERNAL_CATCH_UNIQUE_NAME( ____C_A_T_C_H____T_E_M_P_L_A_T_E____T_E_S_T____F_U_N_C____ ), Name, Tags, Signature, __VA_ARGS__ ) )
        -: 1031:    #endif
        -: 1032:
        -: 1033:    #ifndef CATCH_CONFIG_TRADITIONAL_MSVC_PREPROCESSOR
        -: 1034:        #define INTERNAL_CATCH_TEMPLATE_TEST_CASE_METHOD_NO_REGISTRATION( ClassName, Name, Tags,... ) \
        -: 1035:            INTERNAL_CATCH_TEMPLATE_TEST_CASE_METHOD_NO_REGISTRATION_2( INTERNAL_CATCH_UNIQUE_NAME( ____C_A_T_C_H____T_E_M_P_L_A_T_E____T_E_S_T____C_L_A_S_S____ ), INTERNAL_CATCH_UNIQUE_NAME( ____C_A_T_C_H____T_E_M_P_L_A_T_E____T_E_S_T____ ) , ClassName, Name, Tags, typename T, __VA_ARGS__ )
        -: 1036:    #else
        -: 1037:        #define INTERNAL_CATCH_TEMPLATE_TEST_CASE_METHOD_NO_REGISTRATION( ClassName, Name, Tags,... ) \
        -: 1038:            INTERNAL_CATCH_EXPAND_VARGS( INTERNAL_CATCH_TEMPLATE_TEST_CASE_METHOD_NO_REGISTRATION_2( INTERNAL_CATCH_UNIQUE_NAME( ____C_A_T_C_H____T_E_M_P_L_A_T_E____T_E_S_T____C_L_A_S_S____ ), INTERNAL_CATCH_UNIQUE_NAME( ____C_A_T_C_H____T_E_M_P_L_A_T_E____T_E_S_T____ ) , ClassName, Name, Tags, typename T, __VA_ARGS__ ) )
        -: 1039:    #endif
        -: 1040:
        -: 1041:    #ifndef CATCH_CONFIG_TRADITIONAL_MSVC_PREPROCESSOR
        -: 1042:        #define INTERNAL_CATCH_TEMPLATE_TEST_CASE_METHOD_SIG_NO_REGISTRATION( ClassName, Name, Tags, Signature, ... ) \
        -: 1043:            INTERNAL_CATCH_TEMPLATE_TEST_CASE_METHOD_NO_REGISTRATION_2( INTERNAL_CATCH_UNIQUE_NAME( ____C_A_T_C_H____T_E_M_P_L_A_T_E____T_E_S_T____C_L_A_S_S____ ), INTERNAL_CATCH_UNIQUE_NAME( ____C_A_T_C_H____T_E_M_P_L_A_T_E____T_E_S_T____ ) , ClassName, Name, Tags, Signature, __VA_ARGS__ )
        -: 1044:    #else
        -: 1045:        #define INTERNAL_CATCH_TEMPLATE_TEST_CASE_METHOD_SIG_NO_REGISTRATION( ClassName, Name, Tags, Signature, ... ) \
        -: 1046:            INTERNAL_CATCH_EXPAND_VARGS( INTERNAL_CATCH_TEMPLATE_TEST_CASE_METHOD_NO_REGISTRATION_2( INTERNAL_CATCH_UNIQUE_NAME( ____C_A_T_C_H____T_E_M_P_L_A_T_E____T_E_S_T____C_L_A_S_S____ ), INTERNAL_CATCH_UNIQUE_NAME( ____C_A_T_C_H____T_E_M_P_L_A_T_E____T_E_S_T____ ) , ClassName, Name, Tags, Signature, __VA_ARGS__ ) )
        -: 1047:    #endif
        -: 1048:#endif
        -: 1049:
        -: 1050:    ///////////////////////////////////////////////////////////////////////////////
        -: 1051:    #define INTERNAL_CATCH_TESTCASE2( TestName, ... ) \
        -: 1052:        static void TestName(); \
        -: 1053:        CATCH_INTERNAL_START_WARNINGS_SUPPRESSION \
        -: 1054:        CATCH_INTERNAL_SUPPRESS_GLOBALS_WARNINGS \
        -: 1055:        namespace{ Catch::AutoReg INTERNAL_CATCH_UNIQUE_NAME( autoRegistrar )( Catch::makeTestInvoker( &TestName ), CATCH_INTERNAL_LINEINFO, Catch::StringRef(), Catch::NameAndTags{ __VA_ARGS__ } ); } /* NOLINT */ \
        -: 1056:        CATCH_INTERNAL_STOP_WARNINGS_SUPPRESSION \
        -: 1057:        static void TestName()
        -: 1058:    #define INTERNAL_CATCH_TESTCASE( ... ) \
        -: 1059:        INTERNAL_CATCH_TESTCASE2( INTERNAL_CATCH_UNIQUE_NAME( ____C_A_T_C_H____T_E_S_T____ ), __VA_ARGS__ )
        -: 1060:
        -: 1061:    ///////////////////////////////////////////////////////////////////////////////
        -: 1062:    #define INTERNAL_CATCH_METHOD_AS_TEST_CASE( QualifiedMethod, ... ) \
        -: 1063:        CATCH_INTERNAL_START_WARNINGS_SUPPRESSION \
        -: 1064:        CATCH_INTERNAL_SUPPRESS_GLOBALS_WARNINGS \
        -: 1065:        namespace{ Catch::AutoReg INTERNAL_CATCH_UNIQUE_NAME( autoRegistrar )( Catch::makeTestInvoker( &QualifiedMethod ), CATCH_INTERNAL_LINEINFO, "&" #QualifiedMethod, Catch::NameAndTags{ __VA_ARGS__ } ); } /* NOLINT */ \
        -: 1066:        CATCH_INTERNAL_STOP_WARNINGS_SUPPRESSION
        -: 1067:
        -: 1068:    ///////////////////////////////////////////////////////////////////////////////
        -: 1069:    #define INTERNAL_CATCH_TEST_CASE_METHOD2( TestName, ClassName, ... )\
        -: 1070:        CATCH_INTERNAL_START_WARNINGS_SUPPRESSION \
        -: 1071:        CATCH_INTERNAL_SUPPRESS_GLOBALS_WARNINGS \
        -: 1072:        namespace{ \
        -: 1073:            struct TestName : INTERNAL_CATCH_REMOVE_PARENS(ClassName) { \
        -: 1074:                void test(); \
        -: 1075:            }; \
        -: 1076:            Catch::AutoReg INTERNAL_CATCH_UNIQUE_NAME( autoRegistrar ) ( Catch::makeTestInvoker( &TestName::test ), CATCH_INTERNAL_LINEINFO, #ClassName, Catch::NameAndTags{ __VA_ARGS__ } ); /* NOLINT */ \
        -: 1077:        } \
        -: 1078:        CATCH_INTERNAL_STOP_WARNINGS_SUPPRESSION \
        -: 1079:        void TestName::test()
        -: 1080:    #define INTERNAL_CATCH_TEST_CASE_METHOD( ClassName, ... ) \
        -: 1081:        INTERNAL_CATCH_TEST_CASE_METHOD2( INTERNAL_CATCH_UNIQUE_NAME( ____C_A_T_C_H____T_E_S_T____ ), ClassName, __VA_ARGS__ )
        -: 1082:
        -: 1083:    ///////////////////////////////////////////////////////////////////////////////
        -: 1084:    #define INTERNAL_CATCH_REGISTER_TESTCASE( Function, ... ) \
        -: 1085:        CATCH_INTERNAL_START_WARNINGS_SUPPRESSION \
        -: 1086:        CATCH_INTERNAL_SUPPRESS_GLOBALS_WARNINGS \
        -: 1087:        Catch::AutoReg INTERNAL_CATCH_UNIQUE_NAME( autoRegistrar )( Catch::makeTestInvoker( Function ), CATCH_INTERNAL_LINEINFO, Catch::StringRef(), Catch::NameAndTags{ __VA_ARGS__ } ); /* NOLINT */ \
        -: 1088:        CATCH_INTERNAL_STOP_WARNINGS_SUPPRESSION
        -: 1089:
        -: 1090:    ///////////////////////////////////////////////////////////////////////////////
        -: 1091:    #define INTERNAL_CATCH_TEMPLATE_TEST_CASE_2(TestName, TestFunc, Name, Tags, Signature, ... )\
        -: 1092:        CATCH_INTERNAL_START_WARNINGS_SUPPRESSION \
        -: 1093:        CATCH_INTERNAL_SUPPRESS_GLOBALS_WARNINGS \
        -: 1094:        CATCH_INTERNAL_SUPPRESS_ZERO_VARIADIC_WARNINGS \
        -: 1095:        CATCH_INTERNAL_SUPPRESS_UNUSED_TEMPLATE_WARNINGS \
        -: 1096:        INTERNAL_CATCH_DECLARE_SIG_TEST(TestFunc, INTERNAL_CATCH_REMOVE_PARENS(Signature));\
        -: 1097:        namespace {\
        -: 1098:        namespace INTERNAL_CATCH_MAKE_NAMESPACE(TestName){\
        -: 1099:            INTERNAL_CATCH_TYPE_GEN\
        -: 1100:            INTERNAL_CATCH_NTTP_GEN(INTERNAL_CATCH_REMOVE_PARENS(Signature))\
        -: 1101:            INTERNAL_CATCH_NTTP_REG_GEN(TestFunc,INTERNAL_CATCH_REMOVE_PARENS(Signature))\
        -: 1102:            template<typename...Types> \
        -: 1103:            struct TestName{\
        -: 1104:                TestName(){\
        -: 1105:                    int index = 0;                                    \
        -: 1106:                    constexpr char const* tmpl_types[] = {CATCH_REC_LIST(INTERNAL_CATCH_STRINGIZE_WITHOUT_PARENS, __VA_ARGS__)};\
        -: 1107:                    using expander = int[];\
        -: 1108:                    (void)expander{(reg_test(Types{}, Catch::NameAndTags{ Name " - " + std::string(tmpl_types[index]), Tags } ), index++, 0)... };/* NOLINT */ \
        -: 1109:                }\
        -: 1110:            };\
        -: 1111:            static int INTERNAL_CATCH_UNIQUE_NAME( globalRegistrar ) = [](){\
        -: 1112:            TestName<INTERNAL_CATCH_MAKE_TYPE_LISTS_FROM_TYPES(__VA_ARGS__)>();\
        -: 1113:            return 0;\
        -: 1114:        }();\
        -: 1115:        }\
        -: 1116:        }\
        -: 1117:        CATCH_INTERNAL_STOP_WARNINGS_SUPPRESSION \
        -: 1118:        INTERNAL_CATCH_DEFINE_SIG_TEST(TestFunc,INTERNAL_CATCH_REMOVE_PARENS(Signature))
        -: 1119:
        -: 1120:#ifndef CATCH_CONFIG_TRADITIONAL_MSVC_PREPROCESSOR
        -: 1121:    #define INTERNAL_CATCH_TEMPLATE_TEST_CASE(Name, Tags, ...) \
        -: 1122:        INTERNAL_CATCH_TEMPLATE_TEST_CASE_2( INTERNAL_CATCH_UNIQUE_NAME( ____C_A_T_C_H____T_E_M_P_L_A_T_E____T_E_S_T____ ), INTERNAL_CATCH_UNIQUE_NAME( ____C_A_T_C_H____T_E_M_P_L_A_T_E____T_E_S_T____F_U_N_C____ ), Name, Tags, typename TestType, __VA_ARGS__ )
        -: 1123:#else
        -: 1124:    #define INTERNAL_CATCH_TEMPLATE_TEST_CASE(Name, Tags, ...) \
        -: 1125:        INTERNAL_CATCH_EXPAND_VARGS( INTERNAL_CATCH_TEMPLATE_TEST_CASE_2( INTERNAL_CATCH_UNIQUE_NAME( ____C_A_T_C_H____T_E_M_P_L_A_T_E____T_E_S_T____ ), INTERNAL_CATCH_UNIQUE_NAME( ____C_A_T_C_H____T_E_M_P_L_A_T_E____T_E_S_T____F_U_N_C____ ), Name, Tags, typename TestType, __VA_ARGS__ ) )
        -: 1126:#endif
        -: 1127:
        -: 1128:#ifndef CATCH_CONFIG_TRADITIONAL_MSVC_PREPROCESSOR
        -: 1129:    #define INTERNAL_CATCH_TEMPLATE_TEST_CASE_SIG(Name, Tags, Signature, ...) \
        -: 1130:        INTERNAL_CATCH_TEMPLATE_TEST_CASE_2( INTERNAL_CATCH_UNIQUE_NAME( ____C_A_T_C_H____T_E_M_P_L_A_T_E____T_E_S_T____ ), INTERNAL_CATCH_UNIQUE_NAME( ____C_A_T_C_H____T_E_M_P_L_A_T_E____T_E_S_T____F_U_N_C____ ), Name, Tags, Signature, __VA_ARGS__ )
        -: 1131:#else
        -: 1132:    #define INTERNAL_CATCH_TEMPLATE_TEST_CASE_SIG(Name, Tags, Signature, ...) \
        -: 1133:        INTERNAL_CATCH_EXPAND_VARGS( INTERNAL_CATCH_TEMPLATE_TEST_CASE_2( INTERNAL_CATCH_UNIQUE_NAME( ____C_A_T_C_H____T_E_M_P_L_A_T_E____T_E_S_T____ ), INTERNAL_CATCH_UNIQUE_NAME( ____C_A_T_C_H____T_E_M_P_L_A_T_E____T_E_S_T____F_U_N_C____ ), Name, Tags, Signature, __VA_ARGS__ ) )
        -: 1134:#endif
        -: 1135:
        -: 1136:    #define INTERNAL_CATCH_TEMPLATE_PRODUCT_TEST_CASE2(TestName, TestFuncName, Name, Tags, Signature, TmplTypes, TypesList) \
        -: 1137:        CATCH_INTERNAL_START_WARNINGS_SUPPRESSION                      \
        -: 1138:        CATCH_INTERNAL_SUPPRESS_GLOBALS_WARNINGS                      \
        -: 1139:        CATCH_INTERNAL_SUPPRESS_ZERO_VARIADIC_WARNINGS                \
        -: 1140:        CATCH_INTERNAL_SUPPRESS_UNUSED_TEMPLATE_WARNINGS              \
        -: 1141:        template<typename TestType> static void TestFuncName();       \
        -: 1142:        namespace {\
        -: 1143:        namespace INTERNAL_CATCH_MAKE_NAMESPACE(TestName) {                                     \
        -: 1144:            INTERNAL_CATCH_TYPE_GEN                                                  \
        -: 1145:            INTERNAL_CATCH_NTTP_GEN(INTERNAL_CATCH_REMOVE_PARENS(Signature))         \
[...]
        -:17532:#define WARN( msg ) INTERNAL_CATCH_MSG( "WARN", Catch::ResultWas::Warning, Catch::ResultDisposition::ContinueOnFailure, msg )
        -:17533:#define CAPTURE( ... ) INTERNAL_CATCH_CAPTURE( INTERNAL_CATCH_UNIQUE_NAME(capturer), "CAPTURE",__VA_ARGS__ )
        -:17534:
        -:17535:#define TEST_CASE( ... ) INTERNAL_CATCH_TESTCASE( __VA_ARGS__ )
        -:17536:#define TEST_CASE_METHOD( className, ... ) INTERNAL_CATCH_TEST_CASE_METHOD( className, __VA_ARGS__ )
        -:17537:#define METHOD_AS_TEST_CASE( method, ... ) INTERNAL_CATCH_METHOD_AS_TEST_CASE( method, __VA_ARGS__ )
        -:17538:#define REGISTER_TEST_CASE( Function, ... ) INTERNAL_CATCH_REGISTER_TESTCASE( Function, __VA_ARGS__ )
        -:17539:#define SECTION( ... ) INTERNAL_CATCH_SECTION( __VA_ARGS__ )
        -:17540:#define DYNAMIC_SECTION( ... ) INTERNAL_CATCH_DYNAMIC_SECTION( __VA_ARGS__ )
        -:17541:#define FAIL( ... ) INTERNAL_CATCH_MSG( "FAIL", Catch::ResultWas::ExplicitFailure, Catch::ResultDisposition::Normal, __VA_ARGS__ )
        -:17542:#define FAIL_CHECK( ... ) INTERNAL_CATCH_MSG( "FAIL_CHECK", Catch::ResultWas::ExplicitFailure, Catch::ResultDisposition::ContinueOnFailure, __VA_ARGS__ )
        -:17543:#define SUCCEED( ... ) INTERNAL_CATCH_MSG( "SUCCEED", Catch::ResultWas::Ok, Catch::ResultDisposition::ContinueOnFailure, __VA_ARGS__ )
        -:17544:#define ANON_TEST_CASE() INTERNAL_CATCH_TESTCASE()
        -:17545:
        -:17546:#ifndef CATCH_CONFIG_TRADITIONAL_MSVC_PREPROCESSOR
        -:17547:#define TEMPLATE_TEST_CASE( ... ) INTERNAL_CATCH_TEMPLATE_TEST_CASE( __VA_ARGS__ )
        -:17548:#define TEMPLATE_TEST_CASE_SIG( ... ) INTERNAL_CATCH_TEMPLATE_TEST_CASE_SIG( __VA_ARGS__ )
        -:17549:#define TEMPLATE_TEST_CASE_METHOD( className, ... ) INTERNAL_CATCH_TEMPLATE_TEST_CASE_METHOD( className, __VA_ARGS__ )
        -:17550:#define TEMPLATE_TEST_CASE_METHOD_SIG( className, ... ) INTERNAL_CATCH_TEMPLATE_TEST_CASE_METHOD_SIG( className, __VA_ARGS__ )
        -:17551:#define TEMPLATE_PRODUCT_TEST_CASE( ... ) INTERNAL_CATCH_TEMPLATE_PRODUCT_TEST_CASE( __VA_ARGS__ )
        -:17552:#define TEMPLATE_PRODUCT_TEST_CASE_SIG( ... ) INTERNAL_CATCH_TEMPLATE_PRODUCT_TEST_CASE_SIG( __VA_ARGS__ )
        -:17553:#define TEMPLATE_PRODUCT_TEST_CASE_METHOD( className, ... ) INTERNAL_CATCH_TEMPLATE_PRODUCT_TEST_CASE_METHOD( className, __VA_ARGS__ )
        -:17554:#define TEMPLATE_PRODUCT_TEST_CASE_METHOD_SIG( className, ... ) INTERNAL_CATCH_TEMPLATE_PRODUCT_TEST_CASE_METHOD_SIG( className, __VA_ARGS__ )
        -:17555:#define TEMPLATE_LIST_TEST_CASE( ... ) INTERNAL_CATCH_TEMPLATE_LIST_TEST_CASE(__VA_ARGS__)
        -:17556:#define TEMPLATE_LIST_TEST_CASE_METHOD( className, ... ) INTERNAL_CATCH_TEMPLATE_LIST_TEST_CASE_METHOD( className, __VA_ARGS__ )
        -:17557:#else
        -:17558:#define TEMPLATE_TEST_CASE( ... ) INTERNAL_CATCH_EXPAND_VARGS( INTERNAL_CATCH_TEMPLATE_TEST_CASE( __VA_ARGS__ ) )
        -:17559:#define TEMPLATE_TEST_CASE_SIG( ... ) INTERNAL_CATCH_EXPAND_VARGS( INTERNAL_CATCH_TEMPLATE_TEST_CASE_SIG( __VA_ARGS__ ) )
        -:17560:#define TEMPLATE_TEST_CASE_METHOD( className, ... ) INTERNAL_CATCH_EXPAND_VARGS( INTERNAL_CATCH_TEMPLATE_TEST_CASE_METHOD( className, __VA_ARGS__ ) )
        -:17561:#define TEMPLATE_TEST_CASE_METHOD_SIG( className, ... ) INTERNAL_CATCH_EXPAND_VARGS( INTERNAL_CATCH_TEMPLATE_TEST_CASE_METHOD_SIG( className, __VA_ARGS__ ) )
        -:17562:#define TEMPLATE_PRODUCT_TEST_CASE( ... ) INTERNAL_CATCH_EXPAND_VARGS( INTERNAL_CATCH_TEMPLATE_PRODUCT_TEST_CASE( __VA_ARGS__ ) )
        -:17563:#define TEMPLATE_PRODUCT_TEST_CASE_SIG( ... ) INTERNAL_CATCH_EXPAND_VARGS( INTERNAL_CATCH_TEMPLATE_PRODUCT_TEST_CASE_SIG( __VA_ARGS__ ) )
        -:17564:#define TEMPLATE_PRODUCT_TEST_CASE_METHOD( className, ... ) INTERNAL_CATCH_EXPAND_VARGS( INTERNAL_CATCH_TEMPLATE_PRODUCT_TEST_CASE_METHOD( className, __VA_ARGS__ ) )
        -:17565:#define TEMPLATE_PRODUCT_TEST_CASE_METHOD_SIG( className, ... ) INTERNAL_CATCH_EXPAND_VARGS( INTERNAL_CATCH_TEMPLATE_PRODUCT_TEST_CASE_METHOD_SIG( className, __VA_ARGS__ ) )
        -:17566:#define TEMPLATE_LIST_TEST_CASE( ... ) INTERNAL_CATCH_EXPAND_VARGS( INTERNAL_CATCH_TEMPLATE_LIST_TEST_CASE( __VA_ARGS__ ) )
        -:17567:#define TEMPLATE_LIST_TEST_CASE_METHOD( className, ... ) INTERNAL_CATCH_EXPAND_VARGS( INTERNAL_CATCH_TEMPLATE_LIST_TEST_CASE_METHOD( className, __VA_ARGS__ ) )
        -:17568:#endif
        -:17569:
        -:17570:#if !defined(CATCH_CONFIG_RUNTIME_STATIC_REQUIRE)
        -:17571:#define STATIC_REQUIRE( ... )       static_assert(   __VA_ARGS__,  #__VA_ARGS__ ); SUCCEED( #__VA_ARGS__ )
        -:17572:#define STATIC_REQUIRE_FALSE( ... ) static_assert( !(__VA_ARGS__), "!(" #__VA_ARGS__ ")" ); SUCCEED( "!(" #__VA_ARGS__ ")" )
        -:17573:#else
        -:17574:#define STATIC_REQUIRE( ... )       REQUIRE( __VA_ARGS__ )
        -:17575:#define STATIC_REQUIRE_FALSE( ... ) REQUIRE_FALSE( __VA_ARGS__ )
        -:17576:#endif
        -:17577:
        -:17578:#endif
        -:17579:
        -:17580:#define CATCH_TRANSLATE_EXCEPTION( signature ) INTERNAL_CATCH_TRANSLATE_EXCEPTION( signature )
        -:17581:
        -:17582:// "BDD-style" convenience wrappers
        -:17583:#define SCENARIO( ... ) TEST_CASE( "Scenario: " __VA_ARGS__ )
        -:17584:#define SCENARIO_METHOD( className, ... ) INTERNAL_CATCH_TEST_CASE_METHOD( className, "Scenario: " __VA_ARGS__ )
        -:17585:
        -:17586:#define GIVEN( desc )     INTERNAL_CATCH_DYNAMIC_SECTION( "    Given: " << desc )
        -:17587:#define AND_GIVEN( desc ) INTERNAL_CATCH_DYNAMIC_SECTION( "And given: " << desc )
        -:17588:#define WHEN( desc )      INTERNAL_CATCH_DYNAMIC_SECTION( "     When: " << desc )
        -:17589:#define AND_WHEN( desc )  INTERNAL_CATCH_DYNAMIC_SECTION( " And when: " << desc )
        -:17590:#define THEN( desc )      INTERNAL_CATCH_DYNAMIC_SECTION( "     Then: " << desc )
        -:17591:#define AND_THEN( desc )  INTERNAL_CATCH_DYNAMIC_SECTION( "      And: " << desc )
        -:17592:
        -:17593:#if defined(CATCH_CONFIG_ENABLE_BENCHMARKING)
        -:17594:#define BENCHMARK(...) \
        -:17595:    INTERNAL_CATCH_BENCHMARK(INTERNAL_CATCH_UNIQUE_NAME(____C_A_T_C_H____B_E_N_C_H____), INTERNAL_CATCH_GET_1_ARG(__VA_ARGS__,,), INTERNAL_CATCH_GET_2_ARG(__VA_ARGS__,,))
        -:17596:#define BENCHMARK_ADVANCED(name) \
        -:17597:    INTERNAL_CATCH_BENCHMARK_ADVANCED(INTERNAL_CATCH_UNIQUE_NAME(____C_A_T_C_H____B_E_N_C_H____), name)
        -:17598:#endif // CATCH_CONFIG_ENABLE_BENCHMARKING
        -:17599:
        -:17600:using Catch::Detail::Approx;
        -:17601:
        -:17602:#else // CATCH_CONFIG_DISABLE
        -:17603:
        -:17604://////
        -:17605:// If this config identifier is defined then all CATCH macros are prefixed with CATCH_
        -:17606:#ifdef CATCH_CONFIG_PREFIX_ALL
        -:17607:
        -:17608:#define CATCH_REQUIRE( ... )        (void)(0)
        -:17609:#define CATCH_REQUIRE_FALSE( ... )  (void)(0)
        -:17610:
        -:17611:#define CATCH_REQUIRE_THROWS( ... ) (void)(0)
        -:17612:#define CATCH_REQUIRE_THROWS_AS( expr, exceptionType ) (void)(0)
        -:17613:#define CATCH_REQUIRE_THROWS_WITH( expr, matcher )     (void)(0)
        -:17614:#if !defined(CATCH_CONFIG_DISABLE_MATCHERS)
        -:17615:#define CATCH_REQUIRE_THROWS_MATCHES( expr, exceptionType, matcher ) (void)(0)
        -:17616:#endif// CATCH_CONFIG_DISABLE_MATCHERS
        -:17617:#define CATCH_REQUIRE_NOTHROW( ... ) (void)(0)
        -:17618:
        -:17619:#define CATCH_CHECK( ... )         (void)(0)
        -:17620:#define CATCH_CHECK_FALSE( ... )   (void)(0)
        -:17621:#define CATCH_CHECKED_IF( ... )    if (__VA_ARGS__)
        -:17622:#define CATCH_CHECKED_ELSE( ... )  if (!(__VA_ARGS__))
        -:17623:#define CATCH_CHECK_NOFAIL( ... )  (void)(0)
        -:17624:
        -:17625:#define CATCH_CHECK_THROWS( ... )  (void)(0)
        -:17626:#define CATCH_CHECK_THROWS_AS( expr, exceptionType ) (void)(0)
        -:17627:#define CATCH_CHECK_THROWS_WITH( expr, matcher )     (void)(0)
        -:17628:#if !defined(CATCH_CONFIG_DISABLE_MATCHERS)
        -:17629:#define CATCH_CHECK_THROWS_MATCHES( expr, exceptionType, matcher ) (void)(0)
        -:17630:#endif // CATCH_CONFIG_DISABLE_MATCHERS
        -:17631:#define CATCH_CHECK_NOTHROW( ... ) (void)(0)
        -:17632:
        -:17633:#if !defined(CATCH_CONFIG_DISABLE_MATCHERS)
        -:17634:#define CATCH_CHECK_THAT( arg, matcher )   (void)(0)
        -:17635:
        -:17636:#define CATCH_REQUIRE_THAT( arg, matcher ) (void)(0)
        -:17637:#endif // CATCH_CONFIG_DISABLE_MATCHERS
        -:17638:
        -:17639:#define CATCH_INFO( msg )          (void)(0)
        -:17640:#define CATCH_UNSCOPED_INFO( msg ) (void)(0)
        -:17641:#define CATCH_WARN( msg )          (void)(0)
        -:17642:#define CATCH_CAPTURE( msg )       (void)(0)
        -:17643:
        -:17644:#define CATCH_TEST_CASE( ... ) INTERNAL_CATCH_TESTCASE_NO_REGISTRATION(INTERNAL_CATCH_UNIQUE_NAME( ____C_A_T_C_H____T_E_S_T____ ))
        -:17645:#define CATCH_TEST_CASE_METHOD( className, ... ) INTERNAL_CATCH_TESTCASE_NO_REGISTRATION(INTERNAL_CATCH_UNIQUE_NAME( ____C_A_T_C_H____T_E_S_T____ ))
        -:17646:#define CATCH_METHOD_AS_TEST_CASE( method, ... )
        -:17647:#define CATCH_REGISTER_TEST_CASE( Function, ... ) (void)(0)
        -:17648:#define CATCH_SECTION( ... )
        -:17649:#define CATCH_DYNAMIC_SECTION( ... )
        -:17650:#define CATCH_FAIL( ... ) (void)(0)
        -:17651:#define CATCH_FAIL_CHECK( ... ) (void)(0)
        -:17652:#define CATCH_SUCCEED( ... ) (void)(0)
        -:17653:
        -:17654:#define CATCH_ANON_TEST_CASE() INTERNAL_CATCH_TESTCASE_NO_REGISTRATION(INTERNAL_CATCH_UNIQUE_NAME( ____C_A_T_C_H____T_E_S_T____ ))
        -:17655:
        -:17656:#ifndef CATCH_CONFIG_TRADITIONAL_MSVC_PREPROCESSOR
        -:17657:#define CATCH_TEMPLATE_TEST_CASE( ... ) INTERNAL_CATCH_TEMPLATE_TEST_CASE_NO_REGISTRATION(__VA_ARGS__)
        -:17658:#define CATCH_TEMPLATE_TEST_CASE_SIG( ... ) INTERNAL_CATCH_TEMPLATE_TEST_CASE_SIG_NO_REGISTRATION(__VA_ARGS__)
        -:17659:#define CATCH_TEMPLATE_TEST_CASE_METHOD( className, ... ) INTERNAL_CATCH_TEMPLATE_TEST_CASE_METHOD_NO_REGISTRATION(className, __VA_ARGS__)
        -:17660:#define CATCH_TEMPLATE_TEST_CASE_METHOD_SIG( className, ... ) INTERNAL_CATCH_TEMPLATE_TEST_CASE_METHOD_SIG_NO_REGISTRATION(className, __VA_ARGS__ )
        -:17661:#define CATCH_TEMPLATE_PRODUCT_TEST_CASE( ... ) CATCH_TEMPLATE_TEST_CASE( __VA_ARGS__ )
        -:17662:#define CATCH_TEMPLATE_PRODUCT_TEST_CASE_SIG( ... ) CATCH_TEMPLATE_TEST_CASE( __VA_ARGS__ )
        -:17663:#define CATCH_TEMPLATE_PRODUCT_TEST_CASE_METHOD( className, ... ) CATCH_TEMPLATE_TEST_CASE_METHOD( className, __VA_ARGS__ )
        -:17664:#define CATCH_TEMPLATE_PRODUCT_TEST_CASE_METHOD_SIG( className, ... ) CATCH_TEMPLATE_TEST_CASE_METHOD( className, __VA_ARGS__ )
        -:17665:#else
        -:17666:#define CATCH_TEMPLATE_TEST_CASE( ... ) INTERNAL_CATCH_EXPAND_VARGS( INTERNAL_CATCH_TEMPLATE_TEST_CASE_NO_REGISTRATION(__VA_ARGS__) )
        -:17667:#define CATCH_TEMPLATE_TEST_CASE_SIG( ... ) INTERNAL_CATCH_EXPAND_VARGS( INTERNAL_CATCH_TEMPLATE_TEST_CASE_SIG_NO_REGISTRATION(__VA_ARGS__) )
        -:17668:#define CATCH_TEMPLATE_TEST_CASE_METHOD( className, ... ) INTERNAL_CATCH_EXPAND_VARGS( INTERNAL_CATCH_TEMPLATE_TEST_CASE_METHOD_NO_REGISTRATION(className, __VA_ARGS__ ) )
        -:17669:#define CATCH_TEMPLATE_TEST_CASE_METHOD_SIG( className, ... ) INTERNAL_CATCH_EXPAND_VARGS( INTERNAL_CATCH_TEMPLATE_TEST_CASE_METHOD_SIG_NO_REGISTRATION(className, __VA_ARGS__ ) )
        -:17670:#define CATCH_TEMPLATE_PRODUCT_TEST_CASE( ... ) CATCH_TEMPLATE_TEST_CASE( __VA_ARGS__ )
        -:17671:#define CATCH_TEMPLATE_PRODUCT_TEST_CASE_SIG( ... ) CATCH_TEMPLATE_TEST_CASE( __VA_ARGS__ )
        -:17672:#define CATCH_TEMPLATE_PRODUCT_TEST_CASE_METHOD( className, ... ) CATCH_TEMPLATE_TEST_CASE_METHOD( className, __VA_ARGS__ )
        -:17673:#define CATCH_TEMPLATE_PRODUCT_TEST_CASE_METHOD_SIG( className, ... ) CATCH_TEMPLATE_TEST_CASE_METHOD( className, __VA_ARGS__ )
        -:17674:#endif
        -:17675:
        -:17676:// "BDD-style" convenience wrappers
        -:17677:#define CATCH_SCENARIO( ... ) INTERNAL_CATCH_TESTCASE_NO_REGISTRATION(INTERNAL_CATCH_UNIQUE_NAME( ____C_A_T_C_H____T_E_S_T____ ))
        -:17678:#define CATCH_SCENARIO_METHOD( className, ... ) INTERNAL_CATCH_TESTCASE_METHOD_NO_REGISTRATION(INTERNAL_CATCH_UNIQUE_NAME( ____C_A_T_C_H____T_E_S_T____ ), className )
        -:17679:#define CATCH_GIVEN( desc )
        -:17680:#define CATCH_AND_GIVEN( desc )
        -:17681:#define CATCH_WHEN( desc )
        -:17682:#define CATCH_AND_WHEN( desc )
        -:17683:#define CATCH_THEN( desc )
        -:17684:#define CATCH_AND_THEN( desc )
        -:17685:
        -:17686:#define CATCH_STATIC_REQUIRE( ... )       (void)(0)
        -:17687:#define CATCH_STATIC_REQUIRE_FALSE( ... ) (void)(0)
        -:17688:
        -:17689:// If CATCH_CONFIG_PREFIX_ALL is not defined then the CATCH_ prefix is not required
        -:17690:#else
        -:17691:
        -:17692:#define REQUIRE( ... )       (void)(0)
        -:17693:#define REQUIRE_FALSE( ... ) (void)(0)
        -:17694:
        -:17695:#define REQUIRE_THROWS( ... ) (void)(0)
        -:17696:#define REQUIRE_THROWS_AS( expr, exceptionType ) (void)(0)
        -:17697:#define REQUIRE_THROWS_WITH( expr, matcher ) (void)(0)
        -:17698:#if !defined(CATCH_CONFIG_DISABLE_MATCHERS)
        -:17699:#define REQUIRE_THROWS_MATCHES( expr, exceptionType, matcher ) (void)(0)
        -:17700:#endif // CATCH_CONFIG_DISABLE_MATCHERS
        -:17701:#define REQUIRE_NOTHROW( ... ) (void)(0)
        -:17702:
        -:17703:#define CHECK( ... ) (void)(0)
        -:17704:#define CHECK_FALSE( ... ) (void)(0)
        -:17705:#define CHECKED_IF( ... ) if (__VA_ARGS__)
        -:17706:#define CHECKED_ELSE( ... ) if (!(__VA_ARGS__))
        -:17707:#define CHECK_NOFAIL( ... ) (void)(0)
        -:17708:
        -:17709:#define CHECK_THROWS( ... )  (void)(0)
        -:17710:#define CHECK_THROWS_AS( expr, exceptionType ) (void)(0)
        -:17711:#define CHECK_THROWS_WITH( expr, matcher ) (void)(0)
        -:17712:#if !defined(CATCH_CONFIG_DISABLE_MATCHERS)
        -:17713:#define CHECK_THROWS_MATCHES( expr, exceptionType, matcher ) (void)(0)
        -:17714:#endif // CATCH_CONFIG_DISABLE_MATCHERS
        -:17715:#define CHECK_NOTHROW( ... ) (void)(0)
        -:17716:
        -:17717:#if !defined(CATCH_CONFIG_DISABLE_MATCHERS)
        -:17718:#define CHECK_THAT( arg, matcher ) (void)(0)
        -:17719:
        -:17720:#define REQUIRE_THAT( arg, matcher ) (void)(0)
        -:17721:#endif // CATCH_CONFIG_DISABLE_MATCHERS
        -:17722:
        -:17723:#define INFO( msg ) (void)(0)
        -:17724:#define UNSCOPED_INFO( msg ) (void)(0)
        -:17725:#define WARN( msg ) (void)(0)
        -:17726:#define CAPTURE( msg ) (void)(0)
        -:17727:
        -:17728:#define TEST_CASE( ... )  INTERNAL_CATCH_TESTCASE_NO_REGISTRATION(INTERNAL_CATCH_UNIQUE_NAME( ____C_A_T_C_H____T_E_S_T____ ))
        -:17729:#define TEST_CASE_METHOD( className, ... ) INTERNAL_CATCH_TESTCASE_NO_REGISTRATION(INTERNAL_CATCH_UNIQUE_NAME( ____C_A_T_C_H____T_E_S_T____ ))
        -:17730:#define METHOD_AS_TEST_CASE( method, ... )
        -:17731:#define REGISTER_TEST_CASE( Function, ... ) (void)(0)
        -:17732:#define SECTION( ... )
        -:17733:#define DYNAMIC_SECTION( ... )
        -:17734:#define FAIL( ... ) (void)(0)
        -:17735:#define FAIL_CHECK( ... ) (void)(0)
        -:17736:#define SUCCEED( ... ) (void)(0)
        -:17737:#define ANON_TEST_CASE() INTERNAL_CATCH_TESTCASE_NO_REGISTRATION(INTERNAL_CATCH_UNIQUE_NAME( ____C_A_T_C_H____T_E_S_T____ ))
        -:17738:
        -:17739:#ifndef CATCH_CONFIG_TRADITIONAL_MSVC_PREPROCESSOR
        -:17740:#define TEMPLATE_TEST_CASE( ... ) INTERNAL_CATCH_TEMPLATE_TEST_CASE_NO_REGISTRATION(__VA_ARGS__)
        -:17741:#define TEMPLATE_TEST_CASE_SIG( ... ) INTERNAL_CATCH_TEMPLATE_TEST_CASE_SIG_NO_REGISTRATION(__VA_ARGS__)
        -:17742:#define TEMPLATE_TEST_CASE_METHOD( className, ... ) INTERNAL_CATCH_TEMPLATE_TEST_CASE_METHOD_NO_REGISTRATION(className, __VA_ARGS__)
        -:17743:#define TEMPLATE_TEST_CASE_METHOD_SIG( className, ... ) INTERNAL_CATCH_TEMPLATE_TEST_CASE_METHOD_SIG_NO_REGISTRATION(className, __VA_ARGS__ )
        -:17744:#define TEMPLATE_PRODUCT_TEST_CASE( ... ) TEMPLATE_TEST_CASE( __VA_ARGS__ )
        -:17745:#define TEMPLATE_PRODUCT_TEST_CASE_SIG( ... ) TEMPLATE_TEST_CASE( __VA_ARGS__ )
        -:17746:#define TEMPLATE_PRODUCT_TEST_CASE_METHOD( className, ... ) TEMPLATE_TEST_CASE_METHOD( className, __VA_ARGS__ )
        -:17747:#define TEMPLATE_PRODUCT_TEST_CASE_METHOD_SIG( className, ... ) TEMPLATE_TEST_CASE_METHOD( className, __VA_ARGS__ )
        -:17748:#else
        -:17749:#define TEMPLATE_TEST_CASE( ... ) INTERNAL_CATCH_EXPAND_VARGS( INTERNAL_CATCH_TEMPLATE_TEST_CASE_NO_REGISTRATION(__VA_ARGS__) )
        -:17750:#define TEMPLATE_TEST_CASE_SIG( ... ) INTERNAL_CATCH_EXPAND_VARGS( INTERNAL_CATCH_TEMPLATE_TEST_CASE_SIG_NO_REGISTRATION(__VA_ARGS__) )
        -:17751:#define TEMPLATE_TEST_CASE_METHOD( className, ... ) INTERNAL_CATCH_EXPAND_VARGS( INTERNAL_CATCH_TEMPLATE_TEST_CASE_METHOD_NO_REGISTRATION(className, __VA_ARGS__ ) )
        -:17752:#define TEMPLATE_TEST_CASE_METHOD_SIG( className, ... ) INTERNAL_CATCH_EXPAND_VARGS( INTERNAL_CATCH_TEMPLATE_TEST_CASE_METHOD_SIG_NO_REGISTRATION(className, __VA_ARGS__ ) )
        -:17753:#define TEMPLATE_PRODUCT_TEST_CASE( ... ) TEMPLATE_TEST_CASE( __VA_ARGS__ )
        -:17754:#define TEMPLATE_PRODUCT_TEST_CASE_SIG( ... ) TEMPLATE_TEST_CASE( __VA_ARGS__ )
        -:17755:#define TEMPLATE_PRODUCT_TEST_CASE_METHOD( className, ... ) TEMPLATE_TEST_CASE_METHOD( className, __VA_ARGS__ )
        -:17756:#define TEMPLATE_PRODUCT_TEST_CASE_METHOD_SIG( className, ... ) TEMPLATE_TEST_CASE_METHOD( className, __VA_ARGS__ )
        -:17757:#endif
        -:17758:
        -:17759:#define STATIC_REQUIRE( ... )       (void)(0)
        -:17760:#define STATIC_REQUIRE_FALSE( ... ) (void)(0)
        -:17761:
        -:17762:#endif
        -:17763:
        -:17764:#define CATCH_TRANSLATE_EXCEPTION( signature ) INTERNAL_CATCH_TRANSLATE_EXCEPTION_NO_REG( INTERNAL_CATCH_UNIQUE_NAME( catch_internal_ExceptionTranslator ), signature )
        -:17765:
        -:17766:// "BDD-style" convenience wrappers
        -:17767:#define SCENARIO( ... ) INTERNAL_CATCH_TESTCASE_NO_REGISTRATION(INTERNAL_CATCH_UNIQUE_NAME( ____C_A_T_C_H____T_E_S_T____ ) )
        -:17768:#define SCENARIO_METHOD( className, ... ) INTERNAL_CATCH_TESTCASE_METHOD_NO_REGISTRATION(INTERNAL_CATCH_UNIQUE_NAME( ____C_A_T_C_H____T_E_S_T____ ), className )
        -:17769:
        -:17770:#define GIVEN( desc )
        -:17771:#define AND_GIVEN( desc )
        -:17772:#define WHEN( desc )
        -:17773:#define AND_WHEN( desc )
        -:17774:#define THEN( desc )
        -:17775:#define AND_THEN( desc )
        -:17776:
        -:17777:using Catch::Detail::Approx;
        -:17778:
        -:17779:#endif
        -:17780:
        -:17781:#endif // ! CATCH_CONFIG_IMPL_ONLY
        -:17782:
        -:17783:// start catch_reenable_warnings.h
        -:17784:
        -:17785:
        -:17786:#ifdef __clang__
        -:17787:#    ifdef __ICC // icpc defines the __clang__ macro
        -:17788:#        pragma warning(pop)
        -:17789:#    else
        -:17790:#        pragma clang diagnostic pop
        -:17791:#    endif
        -:17792:#elif defined __GNUC__
        -:17793:#    pragma GCC diagnostic pop
        -:17794:#endif
        -:17795:
        -:17796:// end catch_reenable_warnings.h
        -:17797:// end catch.hpp
        -:17798:#endif // TWOBLUECUBES_SINGLE_INCLUDE_CATCH_HPP_INCLUDED
        -:17799:
